Using pre-set license
Built from '2021.3/staging' branch; Version is '2021.3.0f1 (6eacc8284459) revision 7253192'; Using compiler version '192829333'; Build Type 'Release'
OS: 'Windows 11  (10.0.26100) 64bit Core' Language: 'es' Physical Memory: 15764 MB
BatchMode: 1, IsHumanControllingUs: 0, StartBugReporterOnCrash: 0, Is64bit: 1, IsPro: 1

COMMAND LINE ARGUMENTS:
D:\Unity\2021.3.0f1\Editor\Unity.exe
-adb2
-batchMode
-noUpm
-name
AssetImportWorker2
-projectPath
C:/Users/patri/Desktop/Nueva carpeta/Repos en llamas - copia/Fortress-Craft - copia/Fortaleza-ayuda
-logFile
Logs/AssetImportWorker2.log
-srvPort
60279
Successfully changed project path to: C:/Users/patri/Desktop/Nueva carpeta/Repos en llamas - copia/Fortress-Craft - copia/Fortaleza-ayuda
C:/Users/patri/Desktop/Nueva carpeta/Repos en llamas - copia/Fortress-Craft - copia/Fortaleza-ayuda
[UnityMemory] Configuration Parameters - Can be set up in boot.config
    "memorysetup-bucket-allocator-granularity=16"
    "memorysetup-bucket-allocator-bucket-count=8"
    "memorysetup-bucket-allocator-block-size=33554432"
    "memorysetup-bucket-allocator-block-count=8"
    "memorysetup-main-allocator-block-size=16777216"
    "memorysetup-thread-allocator-block-size=16777216"
    "memorysetup-gfx-main-allocator-block-size=16777216"
    "memorysetup-gfx-thread-allocator-block-size=16777216"
    "memorysetup-cache-allocator-block-size=4194304"
    "memorysetup-typetree-allocator-block-size=2097152"
    "memorysetup-profiler-bucket-allocator-granularity=16"
    "memorysetup-profiler-bucket-allocator-bucket-count=8"
    "memorysetup-profiler-bucket-allocator-block-size=33554432"
    "memorysetup-profiler-bucket-allocator-block-count=8"
    "memorysetup-profiler-allocator-block-size=16777216"
    "memorysetup-profiler-editor-allocator-block-size=1048576"
    "memorysetup-temp-allocator-size-main=16777216"
    "memorysetup-job-temp-allocator-block-size=2097152"
    "memorysetup-job-temp-allocator-block-size-background=1048576"
    "memorysetup-job-temp-allocator-reduction-small-platforms=262144"
    "memorysetup-temp-allocator-size-background-worker=32768"
    "memorysetup-temp-allocator-size-job-worker=262144"
    "memorysetup-temp-allocator-size-preload-manager=33554432"
    "memorysetup-temp-allocator-size-nav-mesh-worker=65536"
    "memorysetup-temp-allocator-size-audio-worker=65536"
    "memorysetup-temp-allocator-size-cloud-worker=32768"
    "memorysetup-temp-allocator-size-gi-baking-worker=262144"
    "memorysetup-temp-allocator-size-gfx=262144"
Refreshing native plugins compatible for Editor in 75.03 ms, found 3 plugins.
Preloading 0 native plugins for Editor in 0.00 ms.
Initialize engine version: 2021.3.0f1 (6eacc8284459)
[Subsystems] Discovering subsystems at path D:/Unity/2021.3.0f1/Editor/Data/Resources/UnitySubsystems
[Subsystems] Discovering subsystems at path C:/Users/patri/Desktop/Nueva carpeta/Repos en llamas - copia/Fortress-Craft - copia/Fortaleza-ayuda/Assets
GfxDevice: creating device client; threaded=0; jobified=0
Direct3D:
    Version:  Direct3D 11.0 [level 11.1]
    Renderer: AMD Radeon(TM) Graphics (ID=0x1638)
    Vendor:   ATI
    VRAM:     7882 MB
    Driver:   31.0.12042.4
Initialize mono
Mono path[0] = 'D:/Unity/2021.3.0f1/Editor/Data/Managed'
Mono path[1] = 'D:/Unity/2021.3.0f1/Editor/Data/MonoBleedingEdge/lib/mono/unityjit-win32'
Mono config path = 'D:/Unity/2021.3.0f1/Editor/Data/MonoBleedingEdge/etc'
Using monoOptions --debugger-agent=transport=dt_socket,embedding=1,server=y,suspend=n,address=127.0.0.1:56084
Begin MonoManager ReloadAssembly
Registering precompiled unity dll's ...
Register platform support module: D:/Unity/2021.3.0f1/Editor/Data/PlaybackEngines/WebGLSupport/UnityEditor.WebGL.Extensions.dll
Register platform support module: D:/Unity/2021.3.0f1/Editor/Data/PlaybackEngines/WindowsStandaloneSupport/UnityEditor.WindowsStandalone.Extensions.dll
Registered in 0.001795 seconds.
Native extension for WindowsStandalone target not found
Native extension for WebGL target not found
Refreshing native plugins compatible for Editor in 53.64 ms, found 3 plugins.
Preloading 0 native plugins for Editor in 0.00 ms.
Mono: successfully reloaded assembly
- Completed reload, in  0.460 seconds
Domain Reload Profiling:
	ReloadAssembly (461ms)
		BeginReloadAssembly (54ms)
			ExecutionOrderSort (0ms)
			DisableScriptedObjects (0ms)
			BackupInstance (0ms)
			ReleaseScriptingObjects (0ms)
			CreateAndSetChildDomain (1ms)
		EndReloadAssembly (328ms)
			LoadAssemblies (54ms)
			RebuildTransferFunctionScriptingTraits (0ms)
			SetupTypeCache (73ms)
			ReleaseScriptCaches (0ms)
			RebuildScriptCaches (21ms)
			SetupLoadedEditorAssemblies (195ms)
				LogAssemblyErrors (0ms)
				InitializePlatformSupportModulesInManaged (6ms)
				SetLoadedEditorAssemblies (0ms)
				RefreshPlugins (54ms)
				BeforeProcessingInitializeOnLoad (1ms)
				ProcessInitializeOnLoadAttributes (93ms)
				ProcessInitializeOnLoadMethodAttributes (42ms)
				AfterProcessingInitializeOnLoad (0ms)
				EditorAssembliesLoaded (0ms)
			ExecutionOrderSort2 (0ms)
			AwakeInstancesAfterBackupRestoration (0ms)
Platform modules already initialized, skipping
Registering precompiled user dll's ...
Registered in 0.005329 seconds.
Begin MonoManager ReloadAssembly
Symbol file LoadedFromMemory doesn't match image C:\Users\patri\Desktop\Nueva carpeta\Repos en llamas - copia\Fortress-Craft - copia\Fortaleza-ayuda\Library\PackageCache\com.unity.visualscripting@1.7.6\Editor\VisualScripting.Core\Dependencies\YamlDotNet\Unity.VisualScripting.YamlDotNet.dll
Symbol file LoadedFromMemory is not a mono symbol file
Symbol file LoadedFromMemory doesn't match image C:\Users\patri\Desktop\Nueva carpeta\Repos en llamas - copia\Fortress-Craft - copia\Fortaleza-ayuda\Library\PackageCache\com.unity.visualscripting@1.7.6\Editor\VisualScripting.Core\Dependencies\DotNetZip\Unity.VisualScripting.IonicZip.dll
Native extension for WindowsStandalone target not found
Native extension for WebGL target not found
Refreshing native plugins compatible for Editor in 0.86 ms, found 3 plugins.
Preloading 0 native plugins for Editor in 0.00 ms.
Mono: successfully reloaded assembly
- Completed reload, in  0.891 seconds
Domain Reload Profiling:
	ReloadAssembly (892ms)
		BeginReloadAssembly (119ms)
			ExecutionOrderSort (0ms)
			DisableScriptedObjects (5ms)
			BackupInstance (0ms)
			ReleaseScriptingObjects (0ms)
			CreateAndSetChildDomain (22ms)
		EndReloadAssembly (669ms)
			LoadAssemblies (111ms)
			RebuildTransferFunctionScriptingTraits (0ms)
			SetupTypeCache (181ms)
			ReleaseScriptCaches (1ms)
			RebuildScriptCaches (47ms)
			SetupLoadedEditorAssemblies (296ms)
				LogAssemblyErrors (0ms)
				InitializePlatformSupportModulesInManaged (6ms)
				SetLoadedEditorAssemblies (1ms)
				RefreshPlugins (1ms)
				BeforeProcessingInitializeOnLoad (69ms)
				ProcessInitializeOnLoadAttributes (188ms)
				ProcessInitializeOnLoadMethodAttributes (28ms)
				AfterProcessingInitializeOnLoad (3ms)
				EditorAssembliesLoaded (0ms)
			ExecutionOrderSort2 (0ms)
			AwakeInstancesAfterBackupRestoration (7ms)
Platform modules already initialized, skipping
========================================================================
Worker process is ready to serve import requests
Launched and connected shader compiler UnityShaderCompiler.exe after 0.21 seconds
Refreshing native plugins compatible for Editor in 0.59 ms, found 3 plugins.
Preloading 0 native plugins for Editor in 0.00 ms.
Unloading 3191 Unused Serialized files (Serialized files now loaded: 0)
Unloading 20 unused Assets / (47.8 KB). Loaded Objects now: 3656.
Memory consumption went from 113.1 MB to 113.0 MB.
Total: 2.540300 ms (FindLiveObjects: 0.249100 ms CreateObjectMapping: 0.086800 ms MarkObjects: 2.141900 ms  DeleteObjects: 0.061700 ms)

AssetImportParameters requested are different than current active one (requested -> active):
  custom:video-decoder-ogg-theora: a1e56fd34408186e4bbccfd4996cb3dc -> 
  custom:container-muxer-webm: aa71ff27fc2769a1b78a27578f13a17b -> 
  custom:container-demuxer-webm: 4f35f7cbe854078d1ac9338744f61a02 -> 
  custom:video-encoder-webm-vp8: eb34c28f22e8b96e1ab97ce403110664 -> 
  custom:video-codec-MediaFoundation-h265: 746d11721c4dcdbdad8f713fa42b33f4 -> 
  custom:audio-encoder-webm-vorbis: bf7c407c2cedff20999df2af8eb42d56 -> 
  custom:framework-win-MediaFoundation: 216162199b28c13a410421893ffa2e32 -> 
  custom:container-demuxer-ogg: 62fdf1f143b41e24485cea50d1cbac27 -> 
  custom:video-decoder-webm-vp8: 9c59270c3fd7afecdb556c50c9e8de78 -> 
  custom:audio-decoder-ogg-vorbis: bf7c407c2cedff20999df2af8eb42d56 -> 
========================================================================
Received Import Request.
  Time since last request: 445265.374616 seconds.
  path: Assets/IMAGENES/items finales/Arco.png
  artifactKey: Guid(003b1d8dcd694584186ed69fa1e9af5e) Importer(815301076,1909f56bfc062723c751e8b465ee728b)
Start importing Assets/IMAGENES/items finales/Arco.png using Guid(003b1d8dcd694584186ed69fa1e9af5e) Importer(815301076,1909f56bfc062723c751e8b465ee728b)  -> (artifact id: 'a372b52420d531345965035c21000a9a') in 0.142281 seconds 
========================================================================
Received Import Request.
  Time since last request: 0.000042 seconds.
  path: Assets/IMAGENES/items finales/caja de balas.png
  artifactKey: Guid(e7c2cf33456339644948fb3d21491086) Importer(815301076,1909f56bfc062723c751e8b465ee728b)
Start importing Assets/IMAGENES/items finales/caja de balas.png using Guid(e7c2cf33456339644948fb3d21491086) Importer(815301076,1909f56bfc062723c751e8b465ee728b)  -> (artifact id: '919135de7638c70b12c52346e88d958f') in 0.022027 seconds 
========================================================================
Received Import Request.
  Time since last request: 0.000048 seconds.
  path: Assets/IMAGENES/items finales/Espada Basica.png
  artifactKey: Guid(f5bc61f18cbbabd4893c103c1540c8ae) Importer(815301076,1909f56bfc062723c751e8b465ee728b)
Start importing Assets/IMAGENES/items finales/Espada Basica.png using Guid(f5bc61f18cbbabd4893c103c1540c8ae) Importer(815301076,1909f56bfc062723c751e8b465ee728b)  -> (artifact id: 'f4f7f4d46fc71675dc363c68e90fb1d6') in 0.029803 seconds 
========================================================================
Received Import Request.
  Time since last request: 0.000032 seconds.
  path: Assets/IMAGENES/items finales/Bloque de Piedra.png
  artifactKey: Guid(946edb0603f025e4caa6840d71e4767c) Importer(815301076,1909f56bfc062723c751e8b465ee728b)
Start importing Assets/IMAGENES/items finales/Bloque de Piedra.png using Guid(946edb0603f025e4caa6840d71e4767c) Importer(815301076,1909f56bfc062723c751e8b465ee728b)  -> (artifact id: 'a542b94c73fbf2abe7ecd49f5b0c854e') in 0.028773 seconds 
========================================================================
Received Import Request.
  Time since last request: 0.000026 seconds.
  path: Assets/IMAGENES/items finales/Chaleco Cuero.png
  artifactKey: Guid(ab4b0abc76b067541bcbb34c7790766c) Importer(815301076,1909f56bfc062723c751e8b465ee728b)
Start importing Assets/IMAGENES/items finales/Chaleco Cuero.png using Guid(ab4b0abc76b067541bcbb34c7790766c) Importer(815301076,1909f56bfc062723c751e8b465ee728b)  -> (artifact id: '21a53ddfde1da6fc19c4046a7f829341') in 0.050258 seconds 
========================================================================
Received Import Request.
  Time since last request: 0.000051 seconds.
  path: Assets/IMAGENES/items finales/fortress craft - pedidos sprit.png
  artifactKey: Guid(f89b8829b02219c489169da4f9211232) Importer(815301076,1909f56bfc062723c751e8b465ee728b)
Start importing Assets/IMAGENES/items finales/fortress craft - pedidos sprit.png using Guid(f89b8829b02219c489169da4f9211232) Importer(815301076,1909f56bfc062723c751e8b465ee728b)  -> (artifact id: 'fe87f6d01a7ee93b7b0d53d6290f1363') in 0.027503 seconds 
========================================================================
Received Import Request.
  Time since last request: 0.000039 seconds.
  path: Assets/IMAGENES/items finales/gasolinaLlena.png
  artifactKey: Guid(6e10aa36c11f41047869314c4ceee779) Importer(815301076,1909f56bfc062723c751e8b465ee728b)
Start importing Assets/IMAGENES/items finales/gasolinaLlena.png using Guid(6e10aa36c11f41047869314c4ceee779) Importer(815301076,1909f56bfc062723c751e8b465ee728b)  -> (artifact id: 'd432a0247f9bcee15a4e026008fb4c3f') in 0.036915 seconds 
========================================================================
Received Import Request.
  Time since last request: 0.000026 seconds.
  path: Assets/IMAGENES/items finales/crisol iron.png
  artifactKey: Guid(2a08f74b9e359214b827b3041ecfa03a) Importer(815301076,1909f56bfc062723c751e8b465ee728b)
Start importing Assets/IMAGENES/items finales/crisol iron.png using Guid(2a08f74b9e359214b827b3041ecfa03a) Importer(815301076,1909f56bfc062723c751e8b465ee728b)  -> (artifact id: 'b39fca1fbb0052b7c515a8f507a2d462') in 0.027137 seconds 
========================================================================
Received Import Request.
  Time since last request: 0.000027 seconds.
  path: Assets/IMAGENES/items finales/BaldeLleno.png
  artifactKey: Guid(4e144393c94ce404dbafe262617d627d) Importer(815301076,1909f56bfc062723c751e8b465ee728b)
Start importing Assets/IMAGENES/items finales/BaldeLleno.png using Guid(4e144393c94ce404dbafe262617d627d) Importer(815301076,1909f56bfc062723c751e8b465ee728b)  -> (artifact id: '9a3bacf59f6074aca9a970852c8a0e47') in 0.025195 seconds 
========================================================================
Received Import Request.
  Time since last request: 6.235341 seconds.
  path: Assets/IMAGENES/Estructuras/mesa de trabajo con fondo.png
  artifactKey: Guid(2dca91cf34fb940468afa424d8b17419) Importer(815301076,1909f56bfc062723c751e8b465ee728b)
Start importing Assets/IMAGENES/Estructuras/mesa de trabajo con fondo.png using Guid(2dca91cf34fb940468afa424d8b17419) Importer(815301076,1909f56bfc062723c751e8b465ee728b)  -> (artifact id: 'c404d2ba7ecf7c151ae9bc234b61c3b7') in 0.021058 seconds 
========================================================================
Received Import Request.
  Time since last request: 0.000016 seconds.
  path: Assets/IMAGENES/Estructuras/pared trasera costado.png
  artifactKey: Guid(474526e074adc9041ba527bab42fa4dc) Importer(815301076,1909f56bfc062723c751e8b465ee728b)
Start importing Assets/IMAGENES/Estructuras/pared trasera costado.png using Guid(474526e074adc9041ba527bab42fa4dc) Importer(815301076,1909f56bfc062723c751e8b465ee728b)  -> (artifact id: 'e3b64f55227b2de837d5665fbba4352b') in 0.110512 seconds 
========================================================================
Received Import Request.
  Time since last request: 0.000025 seconds.
  path: Assets/IMAGENES/Estructuras/objeto - caja.png
  artifactKey: Guid(60a9786bcbf45dc4496a10bc771dfb06) Importer(815301076,1909f56bfc062723c751e8b465ee728b)
Start importing Assets/IMAGENES/Estructuras/objeto - caja.png using Guid(60a9786bcbf45dc4496a10bc771dfb06) Importer(815301076,1909f56bfc062723c751e8b465ee728b)  -> (artifact id: '841ff548f1ac3374df8d97e69faee4a0') in 0.090387 seconds 
========================================================================
Received Import Request.
  Time since last request: 0.000043 seconds.
  path: Assets/IMAGENES/Estructuras/pared trasera superior.png
  artifactKey: Guid(dfbe0e9c711d07941b511026eca0fe1b) Importer(815301076,1909f56bfc062723c751e8b465ee728b)
Start importing Assets/IMAGENES/Estructuras/pared trasera superior.png using Guid(dfbe0e9c711d07941b511026eca0fe1b) Importer(815301076,1909f56bfc062723c751e8b465ee728b)  -> (artifact id: 'fd36b69527465582ddb6e59c2c9f09fe') in 0.040630 seconds 
========================================================================
Received Import Request.
  Time since last request: 1.098051 seconds.
  path: Assets/IMAGENES/Materials/dragon - boceto final.mat
  artifactKey: Guid(7112cc61a0652ef4ab1a6bfd6659755d) Importer(815301076,1909f56bfc062723c751e8b465ee728b)
Start importing Assets/IMAGENES/Materials/dragon - boceto final.mat using Guid(7112cc61a0652ef4ab1a6bfd6659755d) Importer(815301076,1909f56bfc062723c751e8b465ee728b)  -> (artifact id: '5993aa4fb4ed0dd9f16b72acb9e269cd') in 0.082241 seconds 
========================================================================
Received Import Request.
  Time since last request: 6.025166 seconds.
  path: Assets/Resources/ItemsSO/Armor leather.asset
  artifactKey: Guid(9aeedf7353cc2a64a9322ab9d32d2580) Importer(815301076,1909f56bfc062723c751e8b465ee728b)
Start importing Assets/Resources/ItemsSO/Armor leather.asset using Guid(9aeedf7353cc2a64a9322ab9d32d2580) Importer(815301076,1909f56bfc062723c751e8b465ee728b)  -> (artifact id: '617d8802cf397073d2c251018c562982') in 0.011824 seconds 
========================================================================
Received Import Request.
  Time since last request: 0.000016 seconds.
  path: Assets/Resources/ItemsSO/Sword iron.asset
  artifactKey: Guid(09b87ab4f9915f146bc18418bc3d665d) Importer(815301076,1909f56bfc062723c751e8b465ee728b)
Start importing Assets/Resources/ItemsSO/Sword iron.asset using Guid(09b87ab4f9915f146bc18418bc3d665d) Importer(815301076,1909f56bfc062723c751e8b465ee728b)  -> (artifact id: 'dbd698788f8e7351eff992052a66f96f') in 0.010305 seconds 
========================================================================
Received Import Request.
  Time since last request: 0.000036 seconds.
  path: Assets/Resources/ItemsSO/Leather.asset
  artifactKey: Guid(99d63a007c03f334490a3b4d9b73e8c3) Importer(815301076,1909f56bfc062723c751e8b465ee728b)
Start importing Assets/Resources/ItemsSO/Leather.asset using Guid(99d63a007c03f334490a3b4d9b73e8c3) Importer(815301076,1909f56bfc062723c751e8b465ee728b)  -> (artifact id: 'd44576a35301d0fcc0164945badf86c5') in 0.010908 seconds 
========================================================================
Received Import Request.
  Time since last request: 0.000022 seconds.
  path: Assets/Resources/ItemsSO/Handle.asset
  artifactKey: Guid(8a08e6c21b6e21e4aac9b85067b7661a) Importer(815301076,1909f56bfc062723c751e8b465ee728b)
Start importing Assets/Resources/ItemsSO/Handle.asset using Guid(8a08e6c21b6e21e4aac9b85067b7661a) Importer(815301076,1909f56bfc062723c751e8b465ee728b)  -> (artifact id: 'e152a6d0a1c7f3a61597aafe9686808d') in 0.011531 seconds 
========================================================================
Received Import Request.
  Time since last request: 0.000021 seconds.
  path: Assets/Resources/ItemsSO/Stone.asset
  artifactKey: Guid(077d7d77b1fba6d4ebb00046085c477e) Importer(815301076,1909f56bfc062723c751e8b465ee728b)
Start importing Assets/Resources/ItemsSO/Stone.asset using Guid(077d7d77b1fba6d4ebb00046085c477e) Importer(815301076,1909f56bfc062723c751e8b465ee728b)  -> (artifact id: 'bf957764731562fed69f28733b103e63') in 0.010126 seconds 
========================================================================
Received Import Request.
  Time since last request: 0.000027 seconds.
  path: Assets/Resources/ItemsSO/Rope.asset
  artifactKey: Guid(cfd8e64ce5543ec44868a74ce67db94f) Importer(815301076,1909f56bfc062723c751e8b465ee728b)
Start importing Assets/Resources/ItemsSO/Rope.asset using Guid(cfd8e64ce5543ec44868a74ce67db94f) Importer(815301076,1909f56bfc062723c751e8b465ee728b)  -> (artifact id: '8a0b81dd4f1f68358c937c7eedeaf25e') in 0.010731 seconds 
========================================================================
Received Import Request.
  Time since last request: 0.000023 seconds.
  path: Assets/Resources/ItemsSO/Wood.asset
  artifactKey: Guid(f6293f664c9e2e549a3b1815e0ac957d) Importer(815301076,1909f56bfc062723c751e8b465ee728b)
Start importing Assets/Resources/ItemsSO/Wood.asset using Guid(f6293f664c9e2e549a3b1815e0ac957d) Importer(815301076,1909f56bfc062723c751e8b465ee728b)  -> (artifact id: 'b9c57f1f55c04bfa52066e6b4bad3ade') in 0.009904 seconds 
========================================================================
Received Import Request.
  Time since last request: 51.212095 seconds.
  path: Assets/Resources/Prefab estructura/Crafting Table (2) Variant.prefab
  artifactKey: Guid(ef8b531b6276dc144a8d5bd84659c069) Importer(815301076,1909f56bfc062723c751e8b465ee728b)
Start importing Assets/Resources/Prefab estructura/Crafting Table (2) Variant.prefab using Guid(ef8b531b6276dc144a8d5bd84659c069) Importer(815301076,1909f56bfc062723c751e8b465ee728b)  -> (artifact id: '5c1c7794ad0ab2d3eee73a14719be392') in 0.040200 seconds 
========================================================================
Received Import Request.
  Time since last request: 0.000023 seconds.
  path: Assets/Resources/Prefab estructura/Parede izquierda.prefab
  artifactKey: Guid(5ea3ef210624ea64b86e901bbe6b9652) Importer(815301076,1909f56bfc062723c751e8b465ee728b)
Start importing Assets/Resources/Prefab estructura/Parede izquierda.prefab using Guid(5ea3ef210624ea64b86e901bbe6b9652) Importer(815301076,1909f56bfc062723c751e8b465ee728b)  -> (artifact id: '6192f6541fbd7e0240f006ed5741f457') in 0.019963 seconds 
========================================================================
Received Import Request.
  Time since last request: 0.504530 seconds.
  path: Assets/Resources/Prefab Item/Armour lehader.prefab
  artifactKey: Guid(5e895212d0cb7814cb6789fbfc3d9e07) Importer(815301076,1909f56bfc062723c751e8b465ee728b)
Start importing Assets/Resources/Prefab Item/Armour lehader.prefab using Guid(5e895212d0cb7814cb6789fbfc3d9e07) Importer(815301076,1909f56bfc062723c751e8b465ee728b)  -> (artifact id: 'b5785651ec1b83bcd4682ae05f17cac2') in 0.015969 seconds 
========================================================================
Received Import Request.
  Time since last request: 0.000024 seconds.
  path: Assets/Resources/Prefab Item/Handle.prefab
  artifactKey: Guid(3e5a12c05448f4a49a951135d764eaf3) Importer(815301076,1909f56bfc062723c751e8b465ee728b)
Start importing Assets/Resources/Prefab Item/Handle.prefab using Guid(3e5a12c05448f4a49a951135d764eaf3) Importer(815301076,1909f56bfc062723c751e8b465ee728b)  -> (artifact id: '8675a3b3cffe44b98de6a9e13ad254d6') in 0.015506 seconds 
========================================================================
Received Import Request.
  Time since last request: 0.000026 seconds.
  path: Assets/Resources/Prefab Item/Iron.prefab
  artifactKey: Guid(b104bfb5ea8f5fb41846042406c1032d) Importer(815301076,1909f56bfc062723c751e8b465ee728b)
Start importing Assets/Resources/Prefab Item/Iron.prefab using Guid(b104bfb5ea8f5fb41846042406c1032d) Importer(815301076,1909f56bfc062723c751e8b465ee728b)  -> (artifact id: '566b8d5f5aaaab7fb2bc9fc9734fc104') in 0.015820 seconds 
========================================================================
Received Import Request.
  Time since last request: 0.000023 seconds.
  path: Assets/Resources/Prefab Item/Player2.prefab
  artifactKey: Guid(0e7b4d58c45f8e14985ed6e0b1ab59e2) Importer(815301076,1909f56bfc062723c751e8b465ee728b)
Start importing Assets/Resources/Prefab Item/Player2.prefab using Guid(0e7b4d58c45f8e14985ed6e0b1ab59e2) Importer(815301076,1909f56bfc062723c751e8b465ee728b)  -> (artifact id: '9c4c17a13706a12c55988b3cbc87c5d2') in 0.016928 seconds 
========================================================================
Received Import Request.
  Time since last request: 0.000022 seconds.
  path: Assets/Resources/Prefab Item/Latigo.prefab
  artifactKey: Guid(9412f4941c64d8f48b3ec5ac6895db4b) Importer(815301076,1909f56bfc062723c751e8b465ee728b)
Start importing Assets/Resources/Prefab Item/Latigo.prefab using Guid(9412f4941c64d8f48b3ec5ac6895db4b) Importer(815301076,1909f56bfc062723c751e8b465ee728b)  -> (artifact id: 'c4ff137689921e1abbea0a93622a8d48') in 0.014736 seconds 
========================================================================
Received Import Request.
  Time since last request: 0.000016 seconds.
  path: Assets/Resources/Prefab Item/Rope.prefab
  artifactKey: Guid(bd57d79819c18674db528f33cfd7a165) Importer(815301076,1909f56bfc062723c751e8b465ee728b)
Start importing Assets/Resources/Prefab Item/Rope.prefab using Guid(bd57d79819c18674db528f33cfd7a165) Importer(815301076,1909f56bfc062723c751e8b465ee728b)  -> (artifact id: '95524bf6b2357827c046db0aa274191a') in 0.014185 seconds 
========================================================================
Received Import Request.
  Time since last request: 0.000036 seconds.
  path: Assets/Resources/Prefab Item/boliadoras.prefab
  artifactKey: Guid(3d9c5f16c37584f468a36cd82ecdde59) Importer(815301076,1909f56bfc062723c751e8b465ee728b)
Start importing Assets/Resources/Prefab Item/boliadoras.prefab using Guid(3d9c5f16c37584f468a36cd82ecdde59) Importer(815301076,1909f56bfc062723c751e8b465ee728b)  -> (artifact id: '3248e3496dfa0f0bb5225d2f672fb0d8') in 0.016101 seconds 
========================================================================
Received Import Request.
  Time since last request: 0.000040 seconds.
  path: Assets/Resources/Prefab Item/Sword.prefab
  artifactKey: Guid(24a58df10ddf27347bab73bf37f973b0) Importer(815301076,1909f56bfc062723c751e8b465ee728b)
Start importing Assets/Resources/Prefab Item/Sword.prefab using Guid(24a58df10ddf27347bab73bf37f973b0) Importer(815301076,1909f56bfc062723c751e8b465ee728b)  -> (artifact id: '787a78ab15dfa6c1c91e0d7dc70b27e2') in 0.016155 seconds 
Editor requested this worker to shutdown with reason: Scaling down because of idle timeout
AssetImportWorker is now disconnected from the server
Process exiting
Exiting without the bug reporter. Application will terminate with return code 0