Using pre-set license
Built from '2021.3/staging' branch; Version is '2021.3.0f1 (6eacc8284459) revision 7253192'; Using compiler version '192829333'; Build Type 'Release'
OS: 'Windows 11  (10.0.26100) 64bit Core' Language: 'es' Physical Memory: 15764 MB
BatchMode: 1, IsHumanControllingUs: 0, StartBugReporterOnCrash: 0, Is64bit: 1, IsPro: 1

COMMAND LINE ARGUMENTS:
D:\Unity\2021.3.0f1\Editor\Unity.exe
-adb2
-batchMode
-noUpm
-name
AssetImportWorker1
-projectPath
C:/Users/patri/Desktop/Nueva carpeta/Repos en llamas - copia/Fortress-Craft - copia/Fortaleza-ayuda
-logFile
Logs/AssetImportWorker1.log
-srvPort
60279
Successfully changed project path to: C:/Users/patri/Desktop/Nueva carpeta/Repos en llamas - copia/Fortress-Craft - copia/Fortaleza-ayuda
C:/Users/patri/Desktop/Nueva carpeta/Repos en llamas - copia/Fortress-Craft - copia/Fortaleza-ayuda
[UnityMemory] Configuration Parameters - Can be set up in boot.config
    "memorysetup-bucket-allocator-granularity=16"
    "memorysetup-bucket-allocator-bucket-count=8"
    "memorysetup-bucket-allocator-block-size=33554432"
    "memorysetup-bucket-allocator-block-count=8"
    "memorysetup-main-allocator-block-size=16777216"
    "memorysetup-thread-allocator-block-size=16777216"
    "memorysetup-gfx-main-allocator-block-size=16777216"
    "memorysetup-gfx-thread-allocator-block-size=16777216"
    "memorysetup-cache-allocator-block-size=4194304"
    "memorysetup-typetree-allocator-block-size=2097152"
    "memorysetup-profiler-bucket-allocator-granularity=16"
    "memorysetup-profiler-bucket-allocator-bucket-count=8"
    "memorysetup-profiler-bucket-allocator-block-size=33554432"
    "memorysetup-profiler-bucket-allocator-block-count=8"
    "memorysetup-profiler-allocator-block-size=16777216"
    "memorysetup-profiler-editor-allocator-block-size=1048576"
    "memorysetup-temp-allocator-size-main=16777216"
    "memorysetup-job-temp-allocator-block-size=2097152"
    "memorysetup-job-temp-allocator-block-size-background=1048576"
    "memorysetup-job-temp-allocator-reduction-small-platforms=262144"
    "memorysetup-temp-allocator-size-background-worker=32768"
    "memorysetup-temp-allocator-size-job-worker=262144"
    "memorysetup-temp-allocator-size-preload-manager=33554432"
    "memorysetup-temp-allocator-size-nav-mesh-worker=65536"
    "memorysetup-temp-allocator-size-audio-worker=65536"
    "memorysetup-temp-allocator-size-cloud-worker=32768"
    "memorysetup-temp-allocator-size-gi-baking-worker=262144"
    "memorysetup-temp-allocator-size-gfx=262144"
Refreshing native plugins compatible for Editor in 57.34 ms, found 3 plugins.
Preloading 0 native plugins for Editor in 0.00 ms.
Initialize engine version: 2021.3.0f1 (6eacc8284459)
[Subsystems] Discovering subsystems at path D:/Unity/2021.3.0f1/Editor/Data/Resources/UnitySubsystems
[Subsystems] Discovering subsystems at path C:/Users/patri/Desktop/Nueva carpeta/Repos en llamas - copia/Fortress-Craft - copia/Fortaleza-ayuda/Assets
GfxDevice: creating device client; threaded=0; jobified=0
Direct3D:
    Version:  Direct3D 11.0 [level 11.1]
    Renderer: AMD Radeon(TM) Graphics (ID=0x1638)
    Vendor:   ATI
    VRAM:     7882 MB
    Driver:   31.0.12042.4
Initialize mono
Mono path[0] = 'D:/Unity/2021.3.0f1/Editor/Data/Managed'
Mono path[1] = 'D:/Unity/2021.3.0f1/Editor/Data/MonoBleedingEdge/lib/mono/unityjit-win32'
Mono config path = 'D:/Unity/2021.3.0f1/Editor/Data/MonoBleedingEdge/etc'
Using monoOptions --debugger-agent=transport=dt_socket,embedding=1,server=y,suspend=n,address=127.0.0.1:56980
Begin MonoManager ReloadAssembly
Registering precompiled unity dll's ...
Register platform support module: D:/Unity/2021.3.0f1/Editor/Data/PlaybackEngines/WebGLSupport/UnityEditor.WebGL.Extensions.dll
Register platform support module: D:/Unity/2021.3.0f1/Editor/Data/PlaybackEngines/WindowsStandaloneSupport/UnityEditor.WindowsStandalone.Extensions.dll
Registered in 0.001882 seconds.
Native extension for WindowsStandalone target not found
Native extension for WebGL target not found
Refreshing native plugins compatible for Editor in 58.79 ms, found 3 plugins.
Preloading 0 native plugins for Editor in 0.00 ms.
Mono: successfully reloaded assembly
- Completed reload, in  0.493 seconds
Domain Reload Profiling:
	ReloadAssembly (494ms)
		BeginReloadAssembly (56ms)
			ExecutionOrderSort (0ms)
			DisableScriptedObjects (0ms)
			BackupInstance (0ms)
			ReleaseScriptingObjects (0ms)
			CreateAndSetChildDomain (1ms)
		EndReloadAssembly (358ms)
			LoadAssemblies (56ms)
			RebuildTransferFunctionScriptingTraits (0ms)
			SetupTypeCache (85ms)
			ReleaseScriptCaches (0ms)
			RebuildScriptCaches (25ms)
			SetupLoadedEditorAssemblies (204ms)
				LogAssemblyErrors (0ms)
				InitializePlatformSupportModulesInManaged (6ms)
				SetLoadedEditorAssemblies (0ms)
				RefreshPlugins (59ms)
				BeforeProcessingInitializeOnLoad (1ms)
				ProcessInitializeOnLoadAttributes (98ms)
				ProcessInitializeOnLoadMethodAttributes (40ms)
				AfterProcessingInitializeOnLoad (0ms)
				EditorAssembliesLoaded (0ms)
			ExecutionOrderSort2 (0ms)
			AwakeInstancesAfterBackupRestoration (0ms)
Platform modules already initialized, skipping
Registering precompiled user dll's ...
Registered in 0.003364 seconds.
Begin MonoManager ReloadAssembly
Symbol file LoadedFromMemory doesn't match image C:\Users\patri\Desktop\Nueva carpeta\Repos en llamas - copia\Fortress-Craft - copia\Fortaleza-ayuda\Library\PackageCache\com.unity.visualscripting@1.7.6\Editor\VisualScripting.Core\Dependencies\YamlDotNet\Unity.VisualScripting.YamlDotNet.dll
Symbol file LoadedFromMemory is not a mono symbol file
Symbol file LoadedFromMemory doesn't match image C:\Users\patri\Desktop\Nueva carpeta\Repos en llamas - copia\Fortress-Craft - copia\Fortaleza-ayuda\Library\PackageCache\com.unity.visualscripting@1.7.6\Editor\VisualScripting.Core\Dependencies\DotNetZip\Unity.VisualScripting.IonicZip.dll
Native extension for WindowsStandalone target not found
Native extension for WebGL target not found
Refreshing native plugins compatible for Editor in 0.62 ms, found 3 plugins.
Preloading 0 native plugins for Editor in 0.00 ms.
Mono: successfully reloaded assembly
- Completed reload, in  0.694 seconds
Domain Reload Profiling:
	ReloadAssembly (695ms)
		BeginReloadAssembly (82ms)
			ExecutionOrderSort (0ms)
			DisableScriptedObjects (4ms)
			BackupInstance (0ms)
			ReleaseScriptingObjects (0ms)
			CreateAndSetChildDomain (18ms)
		EndReloadAssembly (532ms)
			LoadAssemblies (70ms)
			RebuildTransferFunctionScriptingTraits (0ms)
			SetupTypeCache (148ms)
			ReleaseScriptCaches (1ms)
			RebuildScriptCaches (36ms)
			SetupLoadedEditorAssemblies (248ms)
				LogAssemblyErrors (0ms)
				InitializePlatformSupportModulesInManaged (4ms)
				SetLoadedEditorAssemblies (0ms)
				RefreshPlugins (1ms)
				BeforeProcessingInitializeOnLoad (52ms)
				ProcessInitializeOnLoadAttributes (171ms)
				ProcessInitializeOnLoadMethodAttributes (18ms)
				AfterProcessingInitializeOnLoad (2ms)
				EditorAssembliesLoaded (0ms)
			ExecutionOrderSort2 (0ms)
			AwakeInstancesAfterBackupRestoration (5ms)
Platform modules already initialized, skipping
========================================================================
Worker process is ready to serve import requests
Launched and connected shader compiler UnityShaderCompiler.exe after 0.03 seconds
Refreshing native plugins compatible for Editor in 0.62 ms, found 3 plugins.
Preloading 0 native plugins for Editor in 0.00 ms.
Unloading 3191 Unused Serialized files (Serialized files now loaded: 0)
Unloading 20 unused Assets / (47.4 KB). Loaded Objects now: 3654.
Memory consumption went from 112.9 MB to 112.9 MB.
Total: 2.454300 ms (FindLiveObjects: 0.239400 ms CreateObjectMapping: 0.085900 ms MarkObjects: 2.076500 ms  DeleteObjects: 0.051800 ms)

AssetImportParameters requested are different than current active one (requested -> active):
  custom:video-decoder-ogg-theora: a1e56fd34408186e4bbccfd4996cb3dc -> 
  custom:container-muxer-webm: aa71ff27fc2769a1b78a27578f13a17b -> 
  custom:container-demuxer-webm: 4f35f7cbe854078d1ac9338744f61a02 -> 
  custom:video-encoder-webm-vp8: eb34c28f22e8b96e1ab97ce403110664 -> 
  custom:video-codec-MediaFoundation-h265: 746d11721c4dcdbdad8f713fa42b33f4 -> 
  custom:audio-encoder-webm-vorbis: bf7c407c2cedff20999df2af8eb42d56 -> 
  custom:framework-win-MediaFoundation: 216162199b28c13a410421893ffa2e32 -> 
  custom:container-demuxer-ogg: 62fdf1f143b41e24485cea50d1cbac27 -> 
  custom:video-decoder-webm-vp8: 9c59270c3fd7afecdb556c50c9e8de78 -> 
  custom:audio-decoder-ogg-vorbis: bf7c407c2cedff20999df2af8eb42d56 -> 
========================================================================
Received Import Request.
  Time since last request: 443603.436204 seconds.
  path: Assets/TopDown 2D RPG BE3/App Icon.png
  artifactKey: Guid(e15a0aaf619d8aa429bd091186fb29a2) Importer(815301076,1909f56bfc062723c751e8b465ee728b)
Start importing Assets/TopDown 2D RPG BE3/App Icon.png using Guid(e15a0aaf619d8aa429bd091186fb29a2) Importer(815301076,1909f56bfc062723c751e8b465ee728b)  -> (artifact id: 'a3b599f27f62db4564de7618fc08ec61') in 0.099470 seconds 
========================================================================
Received Import Request.
  Time since last request: 1643.963657 seconds.
  path: Assets/Materials/COFRE.mat
  artifactKey: Guid(331a7401325139f428c0cb241fcc8a99) Importer(815301076,1909f56bfc062723c751e8b465ee728b)
Start importing Assets/Materials/COFRE.mat using Guid(331a7401325139f428c0cb241fcc8a99) Importer(815301076,1909f56bfc062723c751e8b465ee728b)  -> (artifact id: '6f0c0f48b3a56741d98e79e43ef84fad') in 0.271067 seconds 
========================================================================
Received Import Request.
  Time since last request: 0.000023 seconds.
  path: Assets/Materials/Leather Dispenser.mat
  artifactKey: Guid(42b5e9ab4c639584dbb9a94b2ae0bea7) Importer(815301076,1909f56bfc062723c751e8b465ee728b)
Start importing Assets/Materials/Leather Dispenser.mat using Guid(42b5e9ab4c639584dbb9a94b2ae0bea7) Importer(815301076,1909f56bfc062723c751e8b465ee728b)  -> (artifact id: 'fbafc4676f335223e52da25a5abc6675') in 0.018763 seconds 
========================================================================
Received Import Request.
  Time since last request: 0.000030 seconds.
  path: Assets/Materials/Iron Dispenser Material.mat
  artifactKey: Guid(302ab715c77f40b4db12b1f115c09e74) Importer(815301076,1909f56bfc062723c751e8b465ee728b)
Start importing Assets/Materials/Iron Dispenser Material.mat using Guid(302ab715c77f40b4db12b1f115c09e74) Importer(815301076,1909f56bfc062723c751e8b465ee728b)  -> (artifact id: '1b16aea6e87030d7aa1b1448a396456b') in 0.016050 seconds 
========================================================================
Received Import Request.
  Time since last request: 0.000018 seconds.
  path: Assets/Materials/Mystical Material.mat
  artifactKey: Guid(f5742aae65f7bd94ab596507cec6c1a0) Importer(815301076,1909f56bfc062723c751e8b465ee728b)
Start importing Assets/Materials/Mystical Material.mat using Guid(f5742aae65f7bd94ab596507cec6c1a0) Importer(815301076,1909f56bfc062723c751e8b465ee728b)  -> (artifact id: '5926eeea4c269a14a0acb6beb2ef5118') in 0.014798 seconds 
========================================================================
Received Import Request.
  Time since last request: 0.000020 seconds.
  path: Assets/Materials/Meson.mat
  artifactKey: Guid(f5bc15b6bfc22b74283e22ca8bfdde33) Importer(815301076,1909f56bfc062723c751e8b465ee728b)
Start importing Assets/Materials/Meson.mat using Guid(f5bc15b6bfc22b74283e22ca8bfdde33) Importer(815301076,1909f56bfc062723c751e8b465ee728b)  -> (artifact id: 'dad60cd21406dcd298d419dfa13300cc') in 0.014269 seconds 
========================================================================
Received Import Request.
  Time since last request: 0.000028 seconds.
  path: Assets/Materials/Crafting Table Material.mat
  artifactKey: Guid(523fa23c77141c94cbfe28122ece9154) Importer(815301076,1909f56bfc062723c751e8b465ee728b)
Start importing Assets/Materials/Crafting Table Material.mat using Guid(523fa23c77141c94cbfe28122ece9154) Importer(815301076,1909f56bfc062723c751e8b465ee728b)  -> (artifact id: '2ff534559092a3772de47cf8e95aadfa') in 0.014322 seconds 
========================================================================
Received Import Request.
  Time since last request: 0.000019 seconds.
  path: Assets/Materials/Plano VS.mat
  artifactKey: Guid(79edddcaa1fc0554e8f16f306f01b721) Importer(815301076,1909f56bfc062723c751e8b465ee728b)
Start importing Assets/Materials/Plano VS.mat using Guid(79edddcaa1fc0554e8f16f306f01b721) Importer(815301076,1909f56bfc062723c751e8b465ee728b)  -> (artifact id: 'de9c57a583e111f4088b870986b28546') in 0.041533 seconds 
========================================================================
Received Import Request.
  Time since last request: 0.000028 seconds.
  path: Assets/Materials/Rope Dispenser.mat
  artifactKey: Guid(0a677cb3c7d334c4788269abbd5b9778) Importer(815301076,1909f56bfc062723c751e8b465ee728b)
Start importing Assets/Materials/Rope Dispenser.mat using Guid(0a677cb3c7d334c4788269abbd5b9778) Importer(815301076,1909f56bfc062723c751e8b465ee728b)  -> (artifact id: 'faf14fca42106931137c287927fc0ad4') in 0.214681 seconds 
========================================================================
Received Import Request.
  Time since last request: 0.368859 seconds.
  path: Assets/IMAGENES/arco magico blanco y negro.png
  artifactKey: Guid(ce475b783c575f44ab40025682db4c3f) Importer(815301076,1909f56bfc062723c751e8b465ee728b)
Start importing Assets/IMAGENES/arco magico blanco y negro.png using Guid(ce475b783c575f44ab40025682db4c3f) Importer(815301076,1909f56bfc062723c751e8b465ee728b)  -> (artifact id: '863b89bff1fe46c4fdd124cc0e931b52') in 0.292096 seconds 
========================================================================
Received Import Request.
  Time since last request: 0.000022 seconds.
  path: Assets/IMAGENES/sword.jpg
  artifactKey: Guid(661118d203fef4844b5384e9f26f2782) Importer(815301076,1909f56bfc062723c751e8b465ee728b)
Start importing Assets/IMAGENES/sword.jpg using Guid(661118d203fef4844b5384e9f26f2782) Importer(815301076,1909f56bfc062723c751e8b465ee728b)  -> (artifact id: '3b28ead0a2beb8bb78ea775a6c066b52') in 0.048867 seconds 
========================================================================
Received Import Request.
  Time since last request: 0.000022 seconds.
  path: Assets/IMAGENES/Armadura Magica pedido.png
  artifactKey: Guid(e8aafa5f472a80c47a58198e8d22db48) Importer(815301076,1909f56bfc062723c751e8b465ee728b)
Start importing Assets/IMAGENES/Armadura Magica pedido.png using Guid(e8aafa5f472a80c47a58198e8d22db48) Importer(815301076,1909f56bfc062723c751e8b465ee728b)  -> (artifact id: '7fff289e10ddc23b4b296d36d8cbb7c0') in 0.094955 seconds 
========================================================================
Received Import Request.
  Time since last request: 0.000017 seconds.
  path: Assets/IMAGENES/Mango pedido.png
  artifactKey: Guid(3291756991848bd4badcd1d273486669) Importer(815301076,1909f56bfc062723c751e8b465ee728b)
Start importing Assets/IMAGENES/Mango pedido.png using Guid(3291756991848bd4badcd1d273486669) Importer(815301076,1909f56bfc062723c751e8b465ee728b)  -> (artifact id: '9ea358ed91db10609cd4a390db98c3fa') in 0.056411 seconds 
========================================================================
Received Import Request.
  Time since last request: 0.000020 seconds.
  path: Assets/IMAGENES/Espada pedido.png
  artifactKey: Guid(e36a2b4dc55413f45867923bcb89e07d) Importer(815301076,1909f56bfc062723c751e8b465ee728b)
Start importing Assets/IMAGENES/Espada pedido.png using Guid(e36a2b4dc55413f45867923bcb89e07d) Importer(815301076,1909f56bfc062723c751e8b465ee728b)  -> (artifact id: 'e8ba6836d7fe231274bd2f6c49c63893') in 0.079654 seconds 
========================================================================
Received Import Request.
  Time since last request: 0.000020 seconds.
  path: Assets/IMAGENES/PATO.jpg
  artifactKey: Guid(08a27cdc93adc3e4fbc18ea0bbe2dc75) Importer(815301076,1909f56bfc062723c751e8b465ee728b)
Start importing Assets/IMAGENES/PATO.jpg using Guid(08a27cdc93adc3e4fbc18ea0bbe2dc75) Importer(815301076,1909f56bfc062723c751e8b465ee728b)  -> (artifact id: '26e656f5660b0dc795d4e72b0c05e741') in 0.048004 seconds 
========================================================================
Received Import Request.
  Time since last request: 0.000025 seconds.
  path: Assets/IMAGENES/objeto - roca.png
  artifactKey: Guid(c64b30010c9a3a846b9df40ae2f58e3f) Importer(815301076,1909f56bfc062723c751e8b465ee728b)
Start importing Assets/IMAGENES/objeto - roca.png using Guid(c64b30010c9a3a846b9df40ae2f58e3f) Importer(815301076,1909f56bfc062723c751e8b465ee728b)  -> (artifact id: '5aef2f09e2b5ce154f78588076db831a') in 0.073626 seconds 
========================================================================
Received Import Request.
  Time since last request: 0.000028 seconds.
  path: Assets/IMAGENES/dragon - boceto final.png
  artifactKey: Guid(694f6337e5ec21d4382c5feba03dd904) Importer(815301076,1909f56bfc062723c751e8b465ee728b)
Start importing Assets/IMAGENES/dragon - boceto final.png using Guid(694f6337e5ec21d4382c5feba03dd904) Importer(815301076,1909f56bfc062723c751e8b465ee728b)  -> (artifact id: '58d44886f684919fe81bba32e6da5037') in 0.121453 seconds 
========================================================================
Received Import Request.
  Time since last request: 0.000015 seconds.
  path: Assets/IMAGENES/Rectangulo-Negro.png
  artifactKey: Guid(c23184a7960ed9d40ac6a8daa9b9b63d) Importer(815301076,1909f56bfc062723c751e8b465ee728b)
Start importing Assets/IMAGENES/Rectangulo-Negro.png using Guid(c23184a7960ed9d40ac6a8daa9b9b63d) Importer(815301076,1909f56bfc062723c751e8b465ee728b)  -> (artifact id: 'cd0ccc572d4d4503580a8b8c7e991a99') in 0.017721 seconds 
========================================================================
Received Import Request.
  Time since last request: 0.000022 seconds.
  path: Assets/IMAGENES/objeto - caja.png
  artifactKey: Guid(47ead969d23ab3c4fbb3dbaec20f6639) Importer(815301076,1909f56bfc062723c751e8b465ee728b)
Start importing Assets/IMAGENES/objeto - caja.png using Guid(47ead969d23ab3c4fbb3dbaec20f6639) Importer(815301076,1909f56bfc062723c751e8b465ee728b)  -> (artifact id: 'd8834a16b975ff88998e9ea16434676c') in 0.060837 seconds 
========================================================================
Received Import Request.
  Time since last request: 0.000059 seconds.
  path: Assets/IMAGENES/Fondo prueba 1.png
  artifactKey: Guid(77b6aaa47eb58874f8aa36725fd482ea) Importer(815301076,1909f56bfc062723c751e8b465ee728b)
Start importing Assets/IMAGENES/Fondo prueba 1.png using Guid(77b6aaa47eb58874f8aa36725fd482ea) Importer(815301076,1909f56bfc062723c751e8b465ee728b)  -> (artifact id: 'e906541afbdab4849a29b648f187210b') in 0.148300 seconds 
========================================================================
Received Import Request.
  Time since last request: 0.000024 seconds.
  path: Assets/IMAGENES/pkayer 1 - Petro final (1).png
  artifactKey: Guid(5f1a7e8117304c34694e44147da07dda) Importer(815301076,1909f56bfc062723c751e8b465ee728b)
Start importing Assets/IMAGENES/pkayer 1 - Petro final (1).png using Guid(5f1a7e8117304c34694e44147da07dda) Importer(815301076,1909f56bfc062723c751e8b465ee728b)  -> (artifact id: 'bd177780585f1b9f7b31b8f0ed5fdef1') in 0.117441 seconds 
========================================================================
Received Import Request.
  Time since last request: 0.000024 seconds.
  path: Assets/IMAGENES/PLANO SUPERIRO VS.png
  artifactKey: Guid(4884df2e12f92ee4f82287a04f93315a) Importer(815301076,1909f56bfc062723c751e8b465ee728b)
Start importing Assets/IMAGENES/PLANO SUPERIRO VS.png using Guid(4884df2e12f92ee4f82287a04f93315a) Importer(815301076,1909f56bfc062723c751e8b465ee728b)  -> (artifact id: '1a34b05e79e3138c5cf9ac8d3f753129') in 0.127294 seconds 
========================================================================
Received Import Request.
  Time since last request: 0.000058 seconds.
  path: Assets/IMAGENES/silueta-de-espada.png
  artifactKey: Guid(d94eab6fd5f37834bac1c78bc62f5a34) Importer(815301076,1909f56bfc062723c751e8b465ee728b)
Start importing Assets/IMAGENES/silueta-de-espada.png using Guid(d94eab6fd5f37834bac1c78bc62f5a34) Importer(815301076,1909f56bfc062723c751e8b465ee728b)  -> (artifact id: 'fc3e15f0c366b46338bad4140e6caed4') in 0.022475 seconds 
========================================================================
Received Import Request.
  Time since last request: 0.000018 seconds.
  path: Assets/IMAGENES/armadura blanco y negro.png
  artifactKey: Guid(cf61ef8f7b95dae42a49607be30ba908) Importer(815301076,1909f56bfc062723c751e8b465ee728b)
Start importing Assets/IMAGENES/armadura blanco y negro.png using Guid(cf61ef8f7b95dae42a49607be30ba908) Importer(815301076,1909f56bfc062723c751e8b465ee728b)  -> (artifact id: 'b49c8dbb76bff0c7f913a9a866a3f853') in 0.261210 seconds 
========================================================================
Received Import Request.
  Time since last request: 0.000051 seconds.
  path: Assets/IMAGENES/mango blanco y negro.png
  artifactKey: Guid(b1ab8be419ae1b44ea0705061a9873aa) Importer(815301076,1909f56bfc062723c751e8b465ee728b)
Start importing Assets/IMAGENES/mango blanco y negro.png using Guid(b1ab8be419ae1b44ea0705061a9873aa) Importer(815301076,1909f56bfc062723c751e8b465ee728b)  -> (artifact id: '7223df27983097dfd29bcd79c5f4e3a6') in 0.221084 seconds 
========================================================================
Received Import Request.
  Time since last request: 14.964092 seconds.
  path: Assets/IMAGENES/items finales/Armadura Mediana.png
  artifactKey: Guid(76b1aaaed8c457c40912a4e7664f261a) Importer(815301076,1909f56bfc062723c751e8b465ee728b)
Start importing Assets/IMAGENES/items finales/Armadura Mediana.png using Guid(76b1aaaed8c457c40912a4e7664f261a) Importer(815301076,1909f56bfc062723c751e8b465ee728b)  -> (artifact id: '430cddfa883c04074591e86611c08c05') in 0.029806 seconds 
========================================================================
Received Import Request.
  Time since last request: 0.000021 seconds.
  path: Assets/IMAGENES/items finales/Pierdra.png
  artifactKey: Guid(9e771e80f5a7e9e4daa264f0bdd9244f) Importer(815301076,1909f56bfc062723c751e8b465ee728b)
Start importing Assets/IMAGENES/items finales/Pierdra.png using Guid(9e771e80f5a7e9e4daa264f0bdd9244f) Importer(815301076,1909f56bfc062723c751e8b465ee728b)  -> (artifact id: 'a8260ef094ec90cb7969b83582eb67c9') in 0.026806 seconds 
========================================================================
Received Import Request.
  Time since last request: 0.000029 seconds.
  path: Assets/IMAGENES/items finales/Cuero.png
  artifactKey: Guid(ca10b6867cc9c654ab0020a9e41cb94f) Importer(815301076,1909f56bfc062723c751e8b465ee728b)
Start importing Assets/IMAGENES/items finales/Cuero.png using Guid(ca10b6867cc9c654ab0020a9e41cb94f) Importer(815301076,1909f56bfc062723c751e8b465ee728b)  -> (artifact id: 'a48ff3970aa41db11141710176e09159') in 0.023680 seconds 
========================================================================
Received Import Request.
  Time since last request: 0.000022 seconds.
  path: Assets/IMAGENES/items finales/crisol magic.png
  artifactKey: Guid(afe21a8dcb20a4f4095656eb15dc67a9) Importer(815301076,1909f56bfc062723c751e8b465ee728b)
Start importing Assets/IMAGENES/items finales/crisol magic.png using Guid(afe21a8dcb20a4f4095656eb15dc67a9) Importer(815301076,1909f56bfc062723c751e8b465ee728b)  -> (artifact id: '08e7eecd2dc671fd73676ae0de8cbf7f') in 0.027409 seconds 
========================================================================
Received Import Request.
  Time since last request: 0.000032 seconds.
  path: Assets/IMAGENES/items finales/bala de cañon.png
  artifactKey: Guid(72b3dbb82476b5447b631ee1b5c61b85) Importer(815301076,1909f56bfc062723c751e8b465ee728b)
Start importing Assets/IMAGENES/items finales/bala de cañon.png using Guid(72b3dbb82476b5447b631ee1b5c61b85) Importer(815301076,1909f56bfc062723c751e8b465ee728b)  -> (artifact id: '044ebf2e6ca9d90fab6f616b6ae41aea') in 0.025093 seconds 
========================================================================
Received Import Request.
  Time since last request: 0.000021 seconds.
  path: Assets/IMAGENES/items finales/Carrete de Soga.png
  artifactKey: Guid(cfb3cb5ffe4e86440a5a952fa5cc7bc4) Importer(815301076,1909f56bfc062723c751e8b465ee728b)
Start importing Assets/IMAGENES/items finales/Carrete de Soga.png using Guid(cfb3cb5ffe4e86440a5a952fa5cc7bc4) Importer(815301076,1909f56bfc062723c751e8b465ee728b)  -> (artifact id: 'c1dc2b2a94ff57d1206130af74484ece') in 0.029246 seconds 
========================================================================
Received Import Request.
  Time since last request: 0.000026 seconds.
  path: Assets/IMAGENES/items finales/Lingote.png
  artifactKey: Guid(c4fa857e478158e4ea9d96e1c4bc43e1) Importer(815301076,1909f56bfc062723c751e8b465ee728b)
Start importing Assets/IMAGENES/items finales/Lingote.png using Guid(c4fa857e478158e4ea9d96e1c4bc43e1) Importer(815301076,1909f56bfc062723c751e8b465ee728b)  -> (artifact id: '987da49c7fba72d8ad72c0cf8bd14059') in 0.032189 seconds 
========================================================================
Received Import Request.
  Time since last request: 0.000035 seconds.
  path: Assets/IMAGENES/items finales/LLAVE.png
  artifactKey: Guid(bebf1cbd0b3b8a549802b4ab5cce14d4) Importer(815301076,1909f56bfc062723c751e8b465ee728b)
Start importing Assets/IMAGENES/items finales/LLAVE.png using Guid(bebf1cbd0b3b8a549802b4ab5cce14d4) Importer(815301076,1909f56bfc062723c751e8b465ee728b)  -> (artifact id: '0fa8c33bc432213d45f555607169d46d') in 0.072037 seconds 
========================================================================
Received Import Request.
  Time since last request: 0.000023 seconds.
  path: Assets/IMAGENES/items finales/BaldeVacio.png
  artifactKey: Guid(4e873a48d32dd3f41a4d26afc156e1b5) Importer(815301076,1909f56bfc062723c751e8b465ee728b)
Start importing Assets/IMAGENES/items finales/BaldeVacio.png using Guid(4e873a48d32dd3f41a4d26afc156e1b5) Importer(815301076,1909f56bfc062723c751e8b465ee728b)  -> (artifact id: '41caf9a6908d3b0e0d01aff04796574a') in 0.042258 seconds 
========================================================================
Received Import Request.
  Time since last request: 0.000026 seconds.
  path: Assets/IMAGENES/items finales/Cuerda.png
  artifactKey: Guid(8c7308b471d9d2b4a87f47a31ad04199) Importer(815301076,1909f56bfc062723c751e8b465ee728b)
Start importing Assets/IMAGENES/items finales/Cuerda.png using Guid(8c7308b471d9d2b4a87f47a31ad04199) Importer(815301076,1909f56bfc062723c751e8b465ee728b)  -> (artifact id: 'b5d9c0dfca9a610c5d0e63c7e1d07d22') in 0.042420 seconds 
========================================================================
Received Import Request.
  Time since last request: 0.000021 seconds.
  path: Assets/IMAGENES/items finales/Boleadoras.png
  artifactKey: Guid(938f9df7da48cf540aa0fdd8b3186b04) Importer(815301076,1909f56bfc062723c751e8b465ee728b)
Start importing Assets/IMAGENES/items finales/Boleadoras.png using Guid(938f9df7da48cf540aa0fdd8b3186b04) Importer(815301076,1909f56bfc062723c751e8b465ee728b)  -> (artifact id: 'fced70abd5e3b5667e2e729715fdb765') in 0.024979 seconds 
========================================================================
Received Import Request.
  Time since last request: 6.235860 seconds.
  path: Assets/IMAGENES/Estructuras/mesa de trabajo DERECHO con fondo.png
  artifactKey: Guid(f72012fc018752940a867c690f81a5aa) Importer(815301076,1909f56bfc062723c751e8b465ee728b)
Start importing Assets/IMAGENES/Estructuras/mesa de trabajo DERECHO con fondo.png using Guid(f72012fc018752940a867c690f81a5aa) Importer(815301076,1909f56bfc062723c751e8b465ee728b)  -> (artifact id: 'e0f0af028f0f4b055533305f3ce8921f') in 0.020186 seconds 
========================================================================
Received Import Request.
  Time since last request: 0.000017 seconds.
  path: Assets/IMAGENES/Estructuras/motor deposito DERECHO.png
  artifactKey: Guid(77861c8917bfcc24cbc456a3049de040) Importer(815301076,1909f56bfc062723c751e8b465ee728b)
Start importing Assets/IMAGENES/Estructuras/motor deposito DERECHO.png using Guid(77861c8917bfcc24cbc456a3049de040) Importer(815301076,1909f56bfc062723c751e8b465ee728b)  -> (artifact id: '1fd8c39ad43578d3414a98f3b71c4977') in 0.035041 seconds 
========================================================================
Received Import Request.
  Time since last request: 0.000028 seconds.
  path: Assets/IMAGENES/Estructuras/pared lateral inclinada.png
  artifactKey: Guid(f2eba8f43c1d20749bd73075a00ee206) Importer(815301076,1909f56bfc062723c751e8b465ee728b)
Start importing Assets/IMAGENES/Estructuras/pared lateral inclinada.png using Guid(f2eba8f43c1d20749bd73075a00ee206) Importer(815301076,1909f56bfc062723c751e8b465ee728b)  -> (artifact id: '037d70773b20d075608364bb77126084') in 0.023784 seconds 
========================================================================
Received Import Request.
  Time since last request: 0.000023 seconds.
  path: Assets/IMAGENES/Estructuras/pared lateral superior.png
  artifactKey: Guid(43663378f6af90346ae250bcd513c64f) Importer(815301076,1909f56bfc062723c751e8b465ee728b)
Start importing Assets/IMAGENES/Estructuras/pared lateral superior.png using Guid(43663378f6af90346ae250bcd513c64f) Importer(815301076,1909f56bfc062723c751e8b465ee728b)  -> (artifact id: '638b38d5add029b3a1f8c03c09568084') in 0.036475 seconds 
========================================================================
Received Import Request.
  Time since last request: 0.000024 seconds.
  path: Assets/IMAGENES/Estructuras/pared lateral costado.png
  artifactKey: Guid(411270999a2d33e48aaaf76419f1037b) Importer(815301076,1909f56bfc062723c751e8b465ee728b)
Start importing Assets/IMAGENES/Estructuras/pared lateral costado.png using Guid(411270999a2d33e48aaaf76419f1037b) Importer(815301076,1909f56bfc062723c751e8b465ee728b)  -> (artifact id: 'ac3e5077bddb777337f495c3a037305a') in 0.111096 seconds 
========================================================================
Received Import Request.
  Time since last request: 0.000022 seconds.
  path: Assets/IMAGENES/Estructuras/TIEMPO 2.png
  artifactKey: Guid(ebd96cc61a964ef49ac2fa55ee86cd62) Importer(815301076,1909f56bfc062723c751e8b465ee728b)
Start importing Assets/IMAGENES/Estructuras/TIEMPO 2.png using Guid(ebd96cc61a964ef49ac2fa55ee86cd62) Importer(815301076,1909f56bfc062723c751e8b465ee728b)  -> (artifact id: 'b11df4dd8a87d2055818115980f8b7e1') in 0.096134 seconds 
========================================================================
Received Import Request.
  Time since last request: 7.139732 seconds.
  path: Assets/Resources/ItemsSO/Armor mid.asset
  artifactKey: Guid(77546e0cccd0d4e4e861e47fc3532e30) Importer(815301076,1909f56bfc062723c751e8b465ee728b)
Start importing Assets/Resources/ItemsSO/Armor mid.asset using Guid(77546e0cccd0d4e4e861e47fc3532e30) Importer(815301076,1909f56bfc062723c751e8b465ee728b)  -> (artifact id: '9f2697d1c85f9c3961b21a5617c1535f') in 0.010223 seconds 
========================================================================
Received Import Request.
  Time since last request: 0.000017 seconds.
  path: Assets/Resources/ItemsSO/Crisol Iron.asset
  artifactKey: Guid(702866cfd1ba5b3469317d91b699da71) Importer(815301076,1909f56bfc062723c751e8b465ee728b)
Start importing Assets/Resources/ItemsSO/Crisol Iron.asset using Guid(702866cfd1ba5b3469317d91b699da71) Importer(815301076,1909f56bfc062723c751e8b465ee728b)  -> (artifact id: '099f4ab25e183775f6473a9694d89ef6') in 0.010914 seconds 
========================================================================
Received Import Request.
  Time since last request: 0.000020 seconds.
  path: Assets/Resources/ItemsSO/Bow.asset
  artifactKey: Guid(bda1061726f3cc646ab9434bed8e94f2) Importer(815301076,1909f56bfc062723c751e8b465ee728b)
Start importing Assets/Resources/ItemsSO/Bow.asset using Guid(bda1061726f3cc646ab9434bed8e94f2) Importer(815301076,1909f56bfc062723c751e8b465ee728b)  -> (artifact id: 'db8a903a87211fad2afb1214a8d847ee') in 0.010637 seconds 
========================================================================
Received Import Request.
  Time since last request: 0.000025 seconds.
  path: Assets/Resources/ItemsSO/block stone.asset
  artifactKey: Guid(2e9909b70628efb4cb9fcaf77b95e7b1) Importer(815301076,1909f56bfc062723c751e8b465ee728b)
Start importing Assets/Resources/ItemsSO/block stone.asset using Guid(2e9909b70628efb4cb9fcaf77b95e7b1) Importer(815301076,1909f56bfc062723c751e8b465ee728b)  -> (artifact id: 'c08cc0c023cf59f4158f4cf824554bf7') in 0.009065 seconds 
========================================================================
Received Import Request.
  Time since last request: 0.000017 seconds.
  path: Assets/Resources/ItemsSO/Carrete de soga.asset
  artifactKey: Guid(ecb4653e916845a4183399d2e17cb4bb) Importer(815301076,1909f56bfc062723c751e8b465ee728b)
Start importing Assets/Resources/ItemsSO/Carrete de soga.asset using Guid(ecb4653e916845a4183399d2e17cb4bb) Importer(815301076,1909f56bfc062723c751e8b465ee728b)  -> (artifact id: '5bbb6bc09e4f51e959e6f9953448336b') in 0.009121 seconds 
========================================================================
Received Import Request.
  Time since last request: 0.000022 seconds.
  path: Assets/Resources/ItemsSO/Iron.asset
  artifactKey: Guid(4b47c51815e70bd4eaf96179749e1b73) Importer(815301076,1909f56bfc062723c751e8b465ee728b)
Start importing Assets/Resources/ItemsSO/Iron.asset using Guid(4b47c51815e70bd4eaf96179749e1b73) Importer(815301076,1909f56bfc062723c751e8b465ee728b)  -> (artifact id: '0906201668837d6c16996a6d86fb2771') in 0.011100 seconds 
========================================================================
Received Import Request.
  Time since last request: 0.000068 seconds.
  path: Assets/Resources/ItemsSO/Crisol magic.asset
  artifactKey: Guid(8406f04fe32de9741a2671441fe0dc36) Importer(815301076,1909f56bfc062723c751e8b465ee728b)
Start importing Assets/Resources/ItemsSO/Crisol magic.asset using Guid(8406f04fe32de9741a2671441fe0dc36) Importer(815301076,1909f56bfc062723c751e8b465ee728b)  -> (artifact id: '7957cd5b8aa7a2b5f02420cc9aff2535') in 0.010596 seconds 
========================================================================
Received Import Request.
  Time since last request: 51.212327 seconds.
  path: Assets/Resources/Prefab estructura/Parede izquierda (1).prefab
  artifactKey: Guid(6d6efc81b4d611c43aa0c70ef9f63dba) Importer(815301076,1909f56bfc062723c751e8b465ee728b)
Start importing Assets/Resources/Prefab estructura/Parede izquierda (1).prefab using Guid(6d6efc81b4d611c43aa0c70ef9f63dba) Importer(815301076,1909f56bfc062723c751e8b465ee728b)  -> (artifact id: '04f51d0f0445729b7088d481ecba8774') in 0.048137 seconds 
========================================================================
Received Import Request.
  Time since last request: 0.521678 seconds.
  path: Assets/Resources/Prefab Item/Armour mid.prefab
  artifactKey: Guid(eb31e70ef2a52254da287fa0b97b59e0) Importer(815301076,1909f56bfc062723c751e8b465ee728b)
Start importing Assets/Resources/Prefab Item/Armour mid.prefab using Guid(eb31e70ef2a52254da287fa0b97b59e0) Importer(815301076,1909f56bfc062723c751e8b465ee728b)  -> (artifact id: 'c1a61699d1053313a0e7feb94201cdc1') in 0.015309 seconds 
========================================================================
Received Import Request.
  Time since last request: 0.000023 seconds.
  path: Assets/Resources/Prefab Item/Magic Bow.prefab
  artifactKey: Guid(d5526aa3ab370274386cab14a1d9ef5e) Importer(815301076,1909f56bfc062723c751e8b465ee728b)
Start importing Assets/Resources/Prefab Item/Magic Bow.prefab using Guid(d5526aa3ab370274386cab14a1d9ef5e) Importer(815301076,1909f56bfc062723c751e8b465ee728b)  -> (artifact id: 'f515a8dd2a2cefd2b8f947fa245594a5') in 0.015722 seconds 
========================================================================
Received Import Request.
  Time since last request: 0.000024 seconds.
  path: Assets/Resources/Prefab Item/Wood.prefab
  artifactKey: Guid(682e7292aebd7ab4c8cb299e23631756) Importer(815301076,1909f56bfc062723c751e8b465ee728b)
Start importing Assets/Resources/Prefab Item/Wood.prefab using Guid(682e7292aebd7ab4c8cb299e23631756) Importer(815301076,1909f56bfc062723c751e8b465ee728b)  -> (artifact id: 'cad6c6b544aa14c965015fb3f8b1952f') in 0.014997 seconds 
========================================================================
Received Import Request.
  Time since last request: 0.000019 seconds.
  path: Assets/Resources/Prefab Item/crisol magic.prefab
  artifactKey: Guid(e76798f3fe5a4454e9bb4800c54a4a97) Importer(815301076,1909f56bfc062723c751e8b465ee728b)
Start importing Assets/Resources/Prefab Item/crisol magic.prefab using Guid(e76798f3fe5a4454e9bb4800c54a4a97) Importer(815301076,1909f56bfc062723c751e8b465ee728b)  -> (artifact id: '566b750ec0edf79ed8c629e56002fea4') in 0.015489 seconds 
========================================================================
Received Import Request.
  Time since last request: 0.000030 seconds.
  path: Assets/Resources/Prefab Item/Quad.prefab
  artifactKey: Guid(174b8848bdcb0374abbbe900404be238) Importer(815301076,1909f56bfc062723c751e8b465ee728b)
Start importing Assets/Resources/Prefab Item/Quad.prefab using Guid(174b8848bdcb0374abbbe900404be238) Importer(815301076,1909f56bfc062723c751e8b465ee728b)  -> (artifact id: 'd19cb7d2239db831c3f774cd938638ea') in 0.013319 seconds 
========================================================================
Received Import Request.
  Time since last request: 0.000026 seconds.
  path: Assets/Resources/Prefab Item/Rock.prefab
  artifactKey: Guid(75ab890724614a347ac4f13a5265ecfd) Importer(815301076,1909f56bfc062723c751e8b465ee728b)
Start importing Assets/Resources/Prefab Item/Rock.prefab using Guid(75ab890724614a347ac4f13a5265ecfd) Importer(815301076,1909f56bfc062723c751e8b465ee728b)  -> (artifact id: '97fcc1276bccd558da9cdee584de4136') in 0.015916 seconds 
========================================================================
Received Import Request.
  Time since last request: 0.000039 seconds.
  path: Assets/Resources/Prefab Item/Stone.prefab
  artifactKey: Guid(a0521dd636956c04b83a63ff9c04a27d) Importer(815301076,1909f56bfc062723c751e8b465ee728b)
Start importing Assets/Resources/Prefab Item/Stone.prefab using Guid(a0521dd636956c04b83a63ff9c04a27d) Importer(815301076,1909f56bfc062723c751e8b465ee728b)  -> (artifact id: '7362094b302dd5cd685bb2e03ccf8db7') in 0.015166 seconds 
========================================================================
Received Import Request.
  Time since last request: 0.000023 seconds.
  path: Assets/Resources/Prefab Item/Carrete de soga.prefab
  artifactKey: Guid(fa8fcbf1b894924408ade01396b070c8) Importer(815301076,1909f56bfc062723c751e8b465ee728b)
Start importing Assets/Resources/Prefab Item/Carrete de soga.prefab using Guid(fa8fcbf1b894924408ade01396b070c8) Importer(815301076,1909f56bfc062723c751e8b465ee728b)  -> (artifact id: 'c84dfe34e5eafdb6e02358c9447f57c3') in 0.015120 seconds 
========================================================================
Received Import Request.
  Time since last request: 0.000022 seconds.
  path: Assets/Resources/Prefab Item/block stone.prefab
  artifactKey: Guid(f5a821d4a8cc7bc4bb702b8b3e0f1335) Importer(815301076,1909f56bfc062723c751e8b465ee728b)
Start importing Assets/Resources/Prefab Item/block stone.prefab using Guid(f5a821d4a8cc7bc4bb702b8b3e0f1335) Importer(815301076,1909f56bfc062723c751e8b465ee728b)  -> (artifact id: '607a953a552810bda25bda7bcd6490de') in 0.015128 seconds 
========================================================================
Received Import Request.
  Time since last request: 364.296611 seconds.
  path: Assets/IMAGENES/Mesones Cubos/escenario mesones 2 - chico.png
  artifactKey: Guid(e82b41a8d5c6cb5419c4be03a28da280) Importer(815301076,1909f56bfc062723c751e8b465ee728b)
Start importing Assets/IMAGENES/Mesones Cubos/escenario mesones 2 - chico.png using Guid(e82b41a8d5c6cb5419c4be03a28da280) Importer(815301076,1909f56bfc062723c751e8b465ee728b)  -> (artifact id: '29dafa4e21097243870f0c16e17335cc') in 0.028612 seconds 
========================================================================
Received Import Request.
  Time since last request: 0.000019 seconds.
  path: Assets/IMAGENES/Mesones Cubos/escenario mesones 3 - chico.png
  artifactKey: Guid(05a55751dd3c1fd468018e23861360b0) Importer(815301076,1909f56bfc062723c751e8b465ee728b)
Start importing Assets/IMAGENES/Mesones Cubos/escenario mesones 3 - chico.png using Guid(05a55751dd3c1fd468018e23861360b0) Importer(815301076,1909f56bfc062723c751e8b465ee728b)  -> (artifact id: '535ed7f7301177d6991a6d1c39c6594a') in 0.021708 seconds 
========================================================================
Received Import Request.
  Time since last request: 0.000019 seconds.
  path: Assets/IMAGENES/Mesones Cubos/escenario mesones 11 - chico.png
  artifactKey: Guid(4f639e0394d72d148aa2cacd27e52c59) Importer(815301076,1909f56bfc062723c751e8b465ee728b)
Start importing Assets/IMAGENES/Mesones Cubos/escenario mesones 11 - chico.png using Guid(4f639e0394d72d148aa2cacd27e52c59) Importer(815301076,1909f56bfc062723c751e8b465ee728b)  -> (artifact id: 'c9bee5820c205c0ba4cc4527a3947573') in 0.024223 seconds 
========================================================================
Received Import Request.
  Time since last request: 0.000047 seconds.
  path: Assets/IMAGENES/Mesones Cubos/escenario mesones 10 - chico.png
  artifactKey: Guid(1191a44dee566364c8594bff741dd3cf) Importer(815301076,1909f56bfc062723c751e8b465ee728b)
Start importing Assets/IMAGENES/Mesones Cubos/escenario mesones 10 - chico.png using Guid(1191a44dee566364c8594bff741dd3cf) Importer(815301076,1909f56bfc062723c751e8b465ee728b)  -> (artifact id: '05a032338968911a7ea0cca52a7a5b99') in 0.123167 seconds 
========================================================================
Received Import Request.
  Time since last request: 1.092331 seconds.
  path: Assets/IMAGENES/muebles/COFRE 1.png
  artifactKey: Guid(2f1645f1dfe0b474589e041b1dc5e9c1) Importer(815301076,1909f56bfc062723c751e8b465ee728b)
Start importing Assets/IMAGENES/muebles/COFRE 1.png using Guid(2f1645f1dfe0b474589e041b1dc5e9c1) Importer(815301076,1909f56bfc062723c751e8b465ee728b)  -> (artifact id: 'abcf8f957c100dde7d190f4bfe552c44') in 0.168002 seconds 
========================================================================
Received Import Request.
  Time since last request: 0.000031 seconds.
  path: Assets/IMAGENES/muebles/COFRE2.png
  artifactKey: Guid(85795cd8f7233bd41ba52b7540ba52ff) Importer(815301076,1909f56bfc062723c751e8b465ee728b)
Start importing Assets/IMAGENES/muebles/COFRE2.png using Guid(85795cd8f7233bd41ba52b7540ba52ff) Importer(815301076,1909f56bfc062723c751e8b465ee728b)  -> (artifact id: '0ac7603f156f252bc1eb79d061cbddbe') in 0.131310 seconds 
========================================================================
Received Import Request.
  Time since last request: 0.000043 seconds.
  path: Assets/IMAGENES/muebles/TORRETAS.png
  artifactKey: Guid(9cc45fe5626f4974e84b30a5263ab09d) Importer(815301076,1909f56bfc062723c751e8b465ee728b)
Start importing Assets/IMAGENES/muebles/TORRETAS.png using Guid(9cc45fe5626f4974e84b30a5263ab09d) Importer(815301076,1909f56bfc062723c751e8b465ee728b)  -> (artifact id: '146c5121fdfb28dcfbdbeecc025464ce') in 0.126270 seconds 
========================================================================
Received Import Request.
  Time since last request: 0.000017 seconds.
  path: Assets/IMAGENES/muebles/PORTAL ENTREGA.png
  artifactKey: Guid(cc00671c83bb6d640b4cdf369f09ced1) Importer(815301076,1909f56bfc062723c751e8b465ee728b)
Start importing Assets/IMAGENES/muebles/PORTAL ENTREGA.png using Guid(cc00671c83bb6d640b4cdf369f09ced1) Importer(815301076,1909f56bfc062723c751e8b465ee728b)  -> (artifact id: '6b73feabb1eb16b6e4720838a4f4b700') in 0.122954 seconds 
========================================================================
Received Import Request.
  Time since last request: 5.445302 seconds.
  path: Assets/IMAGENES/Mesones Cubos/escenario mesones 13 - chico.png
  artifactKey: Guid(d87aa180bc908fc418c397b15e826091) Importer(815301076,1909f56bfc062723c751e8b465ee728b)
Start importing Assets/IMAGENES/Mesones Cubos/escenario mesones 13 - chico.png using Guid(d87aa180bc908fc418c397b15e826091) Importer(815301076,1909f56bfc062723c751e8b465ee728b)  -> (artifact id: 'aa53d273a5f762e3a5c3fbc8a1031620') in 0.020201 seconds 
========================================================================
Received Import Request.
  Time since last request: 0.000019 seconds.
  path: Assets/IMAGENES/Mesones Cubos/escenario mesones 15 - chico.png
  artifactKey: Guid(7070836eb9bbeee47802f620df90cc42) Importer(815301076,1909f56bfc062723c751e8b465ee728b)
Start importing Assets/IMAGENES/Mesones Cubos/escenario mesones 15 - chico.png using Guid(7070836eb9bbeee47802f620df90cc42) Importer(815301076,1909f56bfc062723c751e8b465ee728b)  -> (artifact id: 'c892be3f676eaab1453fb2e615c25ffc') in 0.022166 seconds 
========================================================================
Received Import Request.
  Time since last request: 0.000016 seconds.
  path: Assets/IMAGENES/Mesones Cubos/escenario mesones 16 - chico.png
  artifactKey: Guid(3e61d6c33b7ad4d4bbf5b2c1dbf48fd8) Importer(815301076,1909f56bfc062723c751e8b465ee728b)
Start importing Assets/IMAGENES/Mesones Cubos/escenario mesones 16 - chico.png using Guid(3e61d6c33b7ad4d4bbf5b2c1dbf48fd8) Importer(815301076,1909f56bfc062723c751e8b465ee728b)  -> (artifact id: '7d83c4f2c281a2315489bf81167e4df8') in 0.019527 seconds 
========================================================================
Received Import Request.
  Time since last request: 0.000023 seconds.
  path: Assets/IMAGENES/Mesones Cubos/escenario mesones 30 - chico.png
  artifactKey: Guid(75b4988628607084189b4cac99e6bfc8) Importer(815301076,1909f56bfc062723c751e8b465ee728b)
Start importing Assets/IMAGENES/Mesones Cubos/escenario mesones 30 - chico.png using Guid(75b4988628607084189b4cac99e6bfc8) Importer(815301076,1909f56bfc062723c751e8b465ee728b)  -> (artifact id: 'fa97889eccd9dfe4db61c56794f0a3e7') in 0.021332 seconds 
========================================================================
Received Import Request.
  Time since last request: 0.000024 seconds.
  path: Assets/IMAGENES/Mesones Cubos/escenario mesones 29 - chico.png
  artifactKey: Guid(830d45667e81ea84ca56d2525dc78e29) Importer(815301076,1909f56bfc062723c751e8b465ee728b)
Start importing Assets/IMAGENES/Mesones Cubos/escenario mesones 29 - chico.png using Guid(830d45667e81ea84ca56d2525dc78e29) Importer(815301076,1909f56bfc062723c751e8b465ee728b)  -> (artifact id: '3c28cde4becd9c61af70900b3f5b806f') in 0.022601 seconds 
========================================================================
Received Import Request.
  Time since last request: 0.000021 seconds.
  path: Assets/IMAGENES/Mesones Cubos/escenario mesones 24 - chico.png
  artifactKey: Guid(215253819be578e4aa405b3d57cec837) Importer(815301076,1909f56bfc062723c751e8b465ee728b)
Start importing Assets/IMAGENES/Mesones Cubos/escenario mesones 24 - chico.png using Guid(215253819be578e4aa405b3d57cec837) Importer(815301076,1909f56bfc062723c751e8b465ee728b)  -> (artifact id: 'e47b6afd928f8495363f6f9f6a62a317') in 0.022800 seconds 
========================================================================
Received Import Request.
  Time since last request: 0.000017 seconds.
  path: Assets/IMAGENES/Mesones Cubos/escenario mesones 22 - chico.png
  artifactKey: Guid(54e57cbd6ec2b1640917bc3273a811df) Importer(815301076,1909f56bfc062723c751e8b465ee728b)
Start importing Assets/IMAGENES/Mesones Cubos/escenario mesones 22 - chico.png using Guid(54e57cbd6ec2b1640917bc3273a811df) Importer(815301076,1909f56bfc062723c751e8b465ee728b)  -> (artifact id: 'd563e266e50dc0ed5aa93dcc2bd8829b') in 0.022546 seconds 
========================================================================
Received Import Request.
  Time since last request: 0.000018 seconds.
  path: Assets/IMAGENES/Mesones Cubos/escenario mesones 23 - chico.png
  artifactKey: Guid(a65d180a5ed61aa45a3b20737aee27f1) Importer(815301076,1909f56bfc062723c751e8b465ee728b)
Start importing Assets/IMAGENES/Mesones Cubos/escenario mesones 23 - chico.png using Guid(a65d180a5ed61aa45a3b20737aee27f1) Importer(815301076,1909f56bfc062723c751e8b465ee728b)  -> (artifact id: 'e5b07ff0500b7a6f3ad1fcd109340300') in 0.023361 seconds 
========================================================================
Received Import Request.
  Time since last request: 0.000022 seconds.
  path: Assets/IMAGENES/Mesones Cubos/escenario mesones 35 - chico.png
  artifactKey: Guid(640b88334ce4f2a4b950578cc503e1f6) Importer(815301076,1909f56bfc062723c751e8b465ee728b)
Start importing Assets/IMAGENES/Mesones Cubos/escenario mesones 35 - chico.png using Guid(640b88334ce4f2a4b950578cc503e1f6) Importer(815301076,1909f56bfc062723c751e8b465ee728b)  -> (artifact id: '68b7b462672017d983d59dd95bbf7e2d') in 0.025254 seconds 
========================================================================
Received Import Request.
  Time since last request: 0.000032 seconds.
  path: Assets/IMAGENES/Mesones Cubos/escenario mesones 28 - chico.png
  artifactKey: Guid(6f9df69de98609942990c4d357ae1d9a) Importer(815301076,1909f56bfc062723c751e8b465ee728b)
Start importing Assets/IMAGENES/Mesones Cubos/escenario mesones 28 - chico.png using Guid(6f9df69de98609942990c4d357ae1d9a) Importer(815301076,1909f56bfc062723c751e8b465ee728b)  -> (artifact id: '549afebea37ec551247237bc8d8fe1d5') in 0.033190 seconds 
========================================================================
Received Import Request.
  Time since last request: 14.451056 seconds.
  path: Assets/Resources/Prefab Table/COMPRA DE BALAS.prefab
  artifactKey: Guid(bc55c671184b76b4fa58a5e71ed53b7b) Importer(815301076,1909f56bfc062723c751e8b465ee728b)
Start importing Assets/Resources/Prefab Table/COMPRA DE BALAS.prefab using Guid(bc55c671184b76b4fa58a5e71ed53b7b) Importer(815301076,1909f56bfc062723c751e8b465ee728b)  -> (artifact id: '66bdc3e8f723fed34c024b361a3429d2') in 0.016407 seconds 
========================================================================
Received Import Request.
  Time since last request: 0.000017 seconds.
  path: Assets/Resources/Prefab Table/Leather Dispenser .prefab
  artifactKey: Guid(63c5e37a9ba891c489f44f673a367c9c) Importer(815301076,1909f56bfc062723c751e8b465ee728b)
Start importing Assets/Resources/Prefab Table/Leather Dispenser .prefab using Guid(63c5e37a9ba891c489f44f673a367c9c) Importer(815301076,1909f56bfc062723c751e8b465ee728b)  -> (artifact id: '7598be8e13ea858666d577efb6a43e76') in 0.014719 seconds 
========================================================================
Received Import Request.
  Time since last request: 0.000022 seconds.
  path: Assets/Resources/Prefab Table/Stone Dispenser.prefab
  artifactKey: Guid(5407db148a12f234cac61f86e4b18795) Importer(815301076,1909f56bfc062723c751e8b465ee728b)
Start importing Assets/Resources/Prefab Table/Stone Dispenser.prefab using Guid(5407db148a12f234cac61f86e4b18795) Importer(815301076,1909f56bfc062723c751e8b465ee728b)  -> (artifact id: '286286bc040abcfea474f32de2d4f7b7') in 0.024646 seconds 
========================================================================
Received Import Request.
  Time since last request: 0.000022 seconds.
  path: Assets/Resources/Prefab Table/Magic Mineral.prefab
  artifactKey: Guid(c288c07d3d79bee40bec59d5e0826d0e) Importer(815301076,1909f56bfc062723c751e8b465ee728b)
Start importing Assets/Resources/Prefab Table/Magic Mineral.prefab using Guid(c288c07d3d79bee40bec59d5e0826d0e) Importer(815301076,1909f56bfc062723c751e8b465ee728b)  -> (artifact id: '61b3f6d634d23f3ba20374651e474b45') in 0.012180 seconds 
========================================================================
Received Import Request.
  Time since last request: 0.000031 seconds.
  path: Assets/Resources/Prefab Table/Crisol Dispenser.prefab
  artifactKey: Guid(a210f149054df074d9b4e23f246ad282) Importer(815301076,1909f56bfc062723c751e8b465ee728b)
Start importing Assets/Resources/Prefab Table/Crisol Dispenser.prefab using Guid(a210f149054df074d9b4e23f246ad282) Importer(815301076,1909f56bfc062723c751e8b465ee728b)  -> (artifact id: 'a7fd0acc93f16b026db677b1876853f3') in 0.014365 seconds 
========================================================================
Received Import Request.
  Time since last request: 0.959765 seconds.
  path: Assets/Resources/Prefab x/Crucible.prefab
  artifactKey: Guid(8d7b7c220b5474b42bc0a03aceb5838b) Importer(815301076,1909f56bfc062723c751e8b465ee728b)
Start importing Assets/Resources/Prefab x/Crucible.prefab using Guid(8d7b7c220b5474b42bc0a03aceb5838b) Importer(815301076,1909f56bfc062723c751e8b465ee728b)  -> (artifact id: 'deaac5b9a7f616a7d94244b016bd6ef4') in 0.005490 seconds 
========================================================================
Received Import Request.
  Time since last request: 0.000024 seconds.
  path: Assets/Resources/Prefab x/Fuego2.prefab
  artifactKey: Guid(32b8d57b5f353d94897678bbbd016361) Importer(815301076,1909f56bfc062723c751e8b465ee728b)
Start importing Assets/Resources/Prefab x/Fuego2.prefab using Guid(32b8d57b5f353d94897678bbbd016361) Importer(815301076,1909f56bfc062723c751e8b465ee728b)  -> (artifact id: 'e7359c91eadeef381bcd5c3f531bf3eb') in 0.017317 seconds 
========================================================================
Received Import Request.
  Time since last request: 0.000021 seconds.
  path: Assets/Resources/Prefab x/MinionVS.prefab
  artifactKey: Guid(c32db54739d8ba44f913ecba5e7a77de) Importer(815301076,1909f56bfc062723c751e8b465ee728b)
Start importing Assets/Resources/Prefab x/MinionVS.prefab using Guid(c32db54739d8ba44f913ecba5e7a77de) Importer(815301076,1909f56bfc062723c751e8b465ee728b)  -> (artifact id: 'b7917cca9adbac3d50f5ea22fbb35723') in 0.017104 seconds 
========================================================================
Received Import Request.
  Time since last request: 0.000020 seconds.
  path: Assets/Resources/Prefab x/Obj3 1.prefab
  artifactKey: Guid(630fa2837cda0ba428990fb03e7441de) Importer(815301076,1909f56bfc062723c751e8b465ee728b)
Start importing Assets/Resources/Prefab x/Obj3 1.prefab using Guid(630fa2837cda0ba428990fb03e7441de) Importer(815301076,1909f56bfc062723c751e8b465ee728b)  -> (artifact id: 'd723d5d5cd0c49de6be6b2eb338d5838') in 0.013746 seconds 
========================================================================
Received Import Request.
  Time since last request: 0.000051 seconds.
  path: Assets/Resources/Prefab x/Part3.prefab
  artifactKey: Guid(63e4a63f67b682a499879f511f1220dd) Importer(815301076,1909f56bfc062723c751e8b465ee728b)
Start importing Assets/Resources/Prefab x/Part3.prefab using Guid(63e4a63f67b682a499879f511f1220dd) Importer(815301076,1909f56bfc062723c751e8b465ee728b)  -> (artifact id: 'e0137c105fd091fcbbc2b17a86f34708') in 0.012922 seconds 
========================================================================
Received Import Request.
  Time since last request: 0.000054 seconds.
  path: Assets/Resources/Prefab x/Part2.prefab
  artifactKey: Guid(c7badbd4b57651444a9cefc3ac6cc712) Importer(815301076,1909f56bfc062723c751e8b465ee728b)
Start importing Assets/Resources/Prefab x/Part2.prefab using Guid(c7badbd4b57651444a9cefc3ac6cc712) Importer(815301076,1909f56bfc062723c751e8b465ee728b)  -> (artifact id: 'd1db4df03bf295dcaac505ab0716a4a8') in 0.013204 seconds 
========================================================================
Received Import Request.
  Time since last request: 1.235813 seconds.
  path: Assets/Sprits/pozo.png
  artifactKey: Guid(2c0b396e44d54864388d1cdda4b80311) Importer(815301076,1909f56bfc062723c751e8b465ee728b)
Start importing Assets/Sprits/pozo.png using Guid(2c0b396e44d54864388d1cdda4b80311) Importer(815301076,1909f56bfc062723c751e8b465ee728b)  -> (artifact id: '0e224393ba30645dd50444fa67529da7') in 0.032779 seconds 
========================================================================
Received Import Request.
  Time since last request: 2.067708 seconds.
  path: Assets/Sprits/Estructure/CAÑOS.png
  artifactKey: Guid(b1ba1ca1d2870de4f85c4dd5ad7a566c) Importer(815301076,1909f56bfc062723c751e8b465ee728b)
Start importing Assets/Sprits/Estructure/CAÑOS.png using Guid(b1ba1ca1d2870de4f85c4dd5ad7a566c) Importer(815301076,1909f56bfc062723c751e8b465ee728b)  -> (artifact id: '8e5891b8e34c2e395da6ba3b1bcceb84') in 0.073872 seconds 
========================================================================
Received Import Request.
  Time since last request: 0.000016 seconds.
  path: Assets/Sprits/Estructure/fortress craft - portal COOP y VS.png
  artifactKey: Guid(34679fbe92a74c34bac8af21c7050dce) Importer(815301076,1909f56bfc062723c751e8b465ee728b)
Start importing Assets/Sprits/Estructure/fortress craft - portal COOP y VS.png using Guid(34679fbe92a74c34bac8af21c7050dce) Importer(815301076,1909f56bfc062723c751e8b465ee728b)  -> (artifact id: '7018a40bf4fcffd938db4ab89ff329fc') in 0.024145 seconds 
========================================================================
Received Import Request.
  Time since last request: 0.000020 seconds.
  path: Assets/Sprits/Estructure/PISO TABLONES PLANO COOPERATIVO.png
  artifactKey: Guid(b77724d8820c19c4293f5c6a0bcc0472) Importer(815301076,1909f56bfc062723c751e8b465ee728b)
Start importing Assets/Sprits/Estructure/PISO TABLONES PLANO COOPERATIVO.png using Guid(b77724d8820c19c4293f5c6a0bcc0472) Importer(815301076,1909f56bfc062723c751e8b465ee728b)  -> (artifact id: '6251b612d8a571ec33088f41a04833de') in 0.101984 seconds 
========================================================================
Received Import Request.
  Time since last request: 0.000020 seconds.
  path: Assets/Sprits/Estructure/fortress craft - PARED lateral (1) inclinado.png
  artifactKey: Guid(3b6d50bd27e04d44183985443bccccdc) Importer(815301076,1909f56bfc062723c751e8b465ee728b)
Start importing Assets/Sprits/Estructure/fortress craft - PARED lateral (1) inclinado.png using Guid(3b6d50bd27e04d44183985443bccccdc) Importer(815301076,1909f56bfc062723c751e8b465ee728b)  -> (artifact id: 'ef04943558fa7bf2fa5159ad790241b2') in 0.020381 seconds 
========================================================================
Received Import Request.
  Time since last request: 0.000022 seconds.
  path: Assets/Sprits/Estructure/PLANO SUPERIRO VS (1).png
  artifactKey: Guid(2277e6d91e1a4ca41a9371aef408421e) Importer(815301076,1909f56bfc062723c751e8b465ee728b)
Start importing Assets/Sprits/Estructure/PLANO SUPERIRO VS (1).png using Guid(2277e6d91e1a4ca41a9371aef408421e) Importer(815301076,1909f56bfc062723c751e8b465ee728b)  -> (artifact id: '5e3f8c81cf55f1fa6e843bb564ac372b') in 0.115398 seconds 
========================================================================
Received Import Request.
  Time since last request: 2.743374 seconds.
  path: Assets/Sprits/Estructure/MESONES COOP/fortress craft - cofres coop.png
  artifactKey: Guid(fccf40aba6e45bf4a86222ab8e255f04) Importer(815301076,1909f56bfc062723c751e8b465ee728b)
Start importing Assets/Sprits/Estructure/MESONES COOP/fortress craft - cofres coop.png using Guid(fccf40aba6e45bf4a86222ab8e255f04) Importer(815301076,1909f56bfc062723c751e8b465ee728b)  -> (artifact id: '5697a338e6daab35affcd2d6604e480d') in 0.091616 seconds 
========================================================================
Received Import Request.
  Time since last request: 0.000017 seconds.
  path: Assets/Sprits/Estructure/MESONES COOP/M6 - P6.png
  artifactKey: Guid(33417cf0a5a6e19408d241de6630d691) Importer(815301076,1909f56bfc062723c751e8b465ee728b)
Start importing Assets/Sprits/Estructure/MESONES COOP/M6 - P6.png using Guid(33417cf0a5a6e19408d241de6630d691) Importer(815301076,1909f56bfc062723c751e8b465ee728b)  -> (artifact id: 'ab813ec1a711a27f4e53f218f7a3bace') in 0.017878 seconds 
========================================================================
Received Import Request.
  Time since last request: 0.000021 seconds.
  path: Assets/Sprits/Estructure/MESONES COOP/M5 - P4.png
  artifactKey: Guid(fc7c34e1bbdd6f942b9b941e4e183898) Importer(815301076,1909f56bfc062723c751e8b465ee728b)
Start importing Assets/Sprits/Estructure/MESONES COOP/M5 - P4.png using Guid(fc7c34e1bbdd6f942b9b941e4e183898) Importer(815301076,1909f56bfc062723c751e8b465ee728b)  -> (artifact id: '21b52a8f63af9e85049353c3803efc93') in 0.019091 seconds 
========================================================================
Received Import Request.
  Time since last request: 0.000019 seconds.
  path: Assets/Sprits/Estructure/MESONES COOP/M4 - P3.png
  artifactKey: Guid(74bcf2b3d3907dc409f19668c4ec49fc) Importer(815301076,1909f56bfc062723c751e8b465ee728b)
Start importing Assets/Sprits/Estructure/MESONES COOP/M4 - P3.png using Guid(74bcf2b3d3907dc409f19668c4ec49fc) Importer(815301076,1909f56bfc062723c751e8b465ee728b)  -> (artifact id: 'bbf19535719c30bd130b3d73c1c30396') in 0.020914 seconds 
========================================================================
Received Import Request.
  Time since last request: 0.000035 seconds.
  path: Assets/Sprits/Estructure/MESONES COOP/TORRE FINAL1.png
  artifactKey: Guid(38593e486ac4a7143bcaa7c372e5a084) Importer(815301076,1909f56bfc062723c751e8b465ee728b)
Start importing Assets/Sprits/Estructure/MESONES COOP/TORRE FINAL1.png using Guid(38593e486ac4a7143bcaa7c372e5a084) Importer(815301076,1909f56bfc062723c751e8b465ee728b)  -> (artifact id: 'fb0baa58715feaf7c713e5d78af46d59') in 0.065221 seconds 
========================================================================
Received Import Request.
  Time since last request: 0.000020 seconds.
  path: Assets/Sprits/Estructure/MESONES COOP/M1 - P1.png
  artifactKey: Guid(23168e20fe7d2554a933264c7a0f6111) Importer(815301076,1909f56bfc062723c751e8b465ee728b)
Start importing Assets/Sprits/Estructure/MESONES COOP/M1 - P1.png using Guid(23168e20fe7d2554a933264c7a0f6111) Importer(815301076,1909f56bfc062723c751e8b465ee728b)  -> (artifact id: 'c8505fad9ce0e71b430398bd92c04dc0') in 0.024134 seconds 
========================================================================
Received Import Request.
  Time since last request: 0.000036 seconds.
  path: Assets/Sprits/Estructure/MESONES COOP/M5 - P1.png
  artifactKey: Guid(1c014b656765b464d82b617827248fa5) Importer(815301076,1909f56bfc062723c751e8b465ee728b)
Start importing Assets/Sprits/Estructure/MESONES COOP/M5 - P1.png using Guid(1c014b656765b464d82b617827248fa5) Importer(815301076,1909f56bfc062723c751e8b465ee728b)  -> (artifact id: '59c2e5baa905c4dc689a11e994af83c8') in 0.018977 seconds 
========================================================================
Received Import Request.
  Time since last request: 0.000017 seconds.
  path: Assets/Sprits/Estructure/MESONES COOP/M7 - P1.png
  artifactKey: Guid(59cdb76310b92554f96182d1202e3e68) Importer(815301076,1909f56bfc062723c751e8b465ee728b)
Start importing Assets/Sprits/Estructure/MESONES COOP/M7 - P1.png using Guid(59cdb76310b92554f96182d1202e3e68) Importer(815301076,1909f56bfc062723c751e8b465ee728b)  -> (artifact id: '68d08259f4b2e9ff56dc3fdcf9d67ca0') in 0.015910 seconds 
========================================================================
Received Import Request.
  Time since last request: 0.000019 seconds.
  path: Assets/Sprits/Estructure/MESONES COOP/M7 - P4.png
  artifactKey: Guid(f8c4dccd12305924e8e0c8d17aabae55) Importer(815301076,1909f56bfc062723c751e8b465ee728b)
Start importing Assets/Sprits/Estructure/MESONES COOP/M7 - P4.png using Guid(f8c4dccd12305924e8e0c8d17aabae55) Importer(815301076,1909f56bfc062723c751e8b465ee728b)  -> (artifact id: '9be060dcc8cc5afb63984f8fccc86576') in 0.018892 seconds 
========================================================================
Received Import Request.
  Time since last request: 0.000017 seconds.
  path: Assets/Sprits/Estructure/MESONES COOP/M6 - P5.png
  artifactKey: Guid(b87cec8cd542de44bbb58cc7688954ce) Importer(815301076,1909f56bfc062723c751e8b465ee728b)
Start importing Assets/Sprits/Estructure/MESONES COOP/M6 - P5.png using Guid(b87cec8cd542de44bbb58cc7688954ce) Importer(815301076,1909f56bfc062723c751e8b465ee728b)  -> (artifact id: '4714677475396c0af17c537559e56646') in 0.016958 seconds 
========================================================================
Received Import Request.
  Time since last request: 0.000020 seconds.
  path: Assets/Sprits/Estructure/MESONES COOP/M2 - P7.png
  artifactKey: Guid(768f7adb46206e54ca794beef8e84f90) Importer(815301076,1909f56bfc062723c751e8b465ee728b)
Start importing Assets/Sprits/Estructure/MESONES COOP/M2 - P7.png using Guid(768f7adb46206e54ca794beef8e84f90) Importer(815301076,1909f56bfc062723c751e8b465ee728b)  -> (artifact id: 'e8efe9c798681b501829440eaca8b715') in 0.022582 seconds 
========================================================================
Received Import Request.
  Time since last request: 0.000020 seconds.
  path: Assets/Sprits/Estructure/MESONES COOP/M1 - P5.png
  artifactKey: Guid(0d599a42491f17045bd0315f236e3f3e) Importer(815301076,1909f56bfc062723c751e8b465ee728b)
Start importing Assets/Sprits/Estructure/MESONES COOP/M1 - P5.png using Guid(0d599a42491f17045bd0315f236e3f3e) Importer(815301076,1909f56bfc062723c751e8b465ee728b)  -> (artifact id: '2ed9907510eb6462cf464e98e232e258') in 0.026035 seconds 
========================================================================
Received Import Request.
  Time since last request: 0.000022 seconds.
  path: Assets/Sprits/Estructure/MESONES COOP/M2 - P10.png
  artifactKey: Guid(12c86ef194a720f43ab91bba24b1129c) Importer(815301076,1909f56bfc062723c751e8b465ee728b)
Start importing Assets/Sprits/Estructure/MESONES COOP/M2 - P10.png using Guid(12c86ef194a720f43ab91bba24b1129c) Importer(815301076,1909f56bfc062723c751e8b465ee728b)  -> (artifact id: '9bf5212a9f36e603b5e3b1a69d0bb0bf') in 0.026247 seconds 
========================================================================
Received Import Request.
  Time since last request: 0.000027 seconds.
  path: Assets/Sprits/Estructure/MESONES COOP/M3 - P1.png
  artifactKey: Guid(8a5ea8bfa3316f844978328c56d4ca14) Importer(815301076,1909f56bfc062723c751e8b465ee728b)
Start importing Assets/Sprits/Estructure/MESONES COOP/M3 - P1.png using Guid(8a5ea8bfa3316f844978328c56d4ca14) Importer(815301076,1909f56bfc062723c751e8b465ee728b)  -> (artifact id: 'abc60bcc2fa3c59157832258fe514aa5') in 0.022067 seconds 
========================================================================
Received Import Request.
  Time since last request: 0.000023 seconds.
  path: Assets/Sprits/Estructure/MESONES COOP/M2 - P2.png
  artifactKey: Guid(de83201648a286943a1989c4d47c56b0) Importer(815301076,1909f56bfc062723c751e8b465ee728b)
Start importing Assets/Sprits/Estructure/MESONES COOP/M2 - P2.png using Guid(de83201648a286943a1989c4d47c56b0) Importer(815301076,1909f56bfc062723c751e8b465ee728b)  -> (artifact id: 'db4cd55ce5675e32066dfb0b51a99fac') in 0.021844 seconds 
========================================================================
Received Import Request.
  Time since last request: 0.000034 seconds.
  path: Assets/Sprits/Estructure/MESONES COOP/M4 - P2.png
  artifactKey: Guid(f0c693c93577c8b4fa196e82e3e0e0db) Importer(815301076,1909f56bfc062723c751e8b465ee728b)
Start importing Assets/Sprits/Estructure/MESONES COOP/M4 - P2.png using Guid(f0c693c93577c8b4fa196e82e3e0e0db) Importer(815301076,1909f56bfc062723c751e8b465ee728b)  -> (artifact id: 'db0aea4aa952b930ab1d3f77cf35bca4') in 0.021024 seconds 
========================================================================
Received Import Request.
  Time since last request: 0.000031 seconds.
  path: Assets/Sprits/Estructure/MESONES COOP/M2 - P8.png
  artifactKey: Guid(1997b561172946e4283518b1a41e0e76) Importer(815301076,1909f56bfc062723c751e8b465ee728b)
Start importing Assets/Sprits/Estructure/MESONES COOP/M2 - P8.png using Guid(1997b561172946e4283518b1a41e0e76) Importer(815301076,1909f56bfc062723c751e8b465ee728b)  -> (artifact id: '40e03f3d8c13b96a80448bbfa48aa914') in 0.027460 seconds 
========================================================================
Received Import Request.
  Time since last request: 0.000029 seconds.
  path: Assets/Sprits/Estructure/MESONES COOP/M2 - P6.png
  artifactKey: Guid(6e6a0145bd5411640b78d84550bd9644) Importer(815301076,1909f56bfc062723c751e8b465ee728b)
Start importing Assets/Sprits/Estructure/MESONES COOP/M2 - P6.png using Guid(6e6a0145bd5411640b78d84550bd9644) Importer(815301076,1909f56bfc062723c751e8b465ee728b)  -> (artifact id: '46923aa6e32337fd3d4f790a392f520d') in 0.039812 seconds 
========================================================================
Received Import Request.
  Time since last request: 10.509769 seconds.
  path: Assets/Sprits/Estructure/PLAYERS/fortress craft - dego y pietro.png
  artifactKey: Guid(ee6ad42e76c8c9646a4ddbd7c4e12d46) Importer(815301076,1909f56bfc062723c751e8b465ee728b)
Start importing Assets/Sprits/Estructure/PLAYERS/fortress craft - dego y pietro.png using Guid(ee6ad42e76c8c9646a4ddbd7c4e12d46) Importer(815301076,1909f56bfc062723c751e8b465ee728b)  -> (artifact id: 'dbb08f2d3f2c44e0bd6506ed18e9400a') in 0.025635 seconds 
Editor requested this worker to shutdown with reason: Scaling down because of idle timeout
AssetImportWorker is now disconnected from the server
Process exiting
Exiting without the bug reporter. Application will terminate with return code 0