Using pre-set license
Built from '2021.3/staging' branch; Version is '2021.3.0f1 (6eacc8284459) revision 7253192'; Using compiler version '192829333'; Build Type 'Release'
OS: 'Windows 11  (10.0.26100) 64bit Core' Language: 'es' Physical Memory: 15764 MB
BatchMode: 1, IsHumanControllingUs: 0, StartBugReporterOnCrash: 0, Is64bit: 1, IsPro: 1

COMMAND LINE ARGUMENTS:
D:\Unity\2021.3.0f1\Editor\Unity.exe
-adb2
-batchMode
-noUpm
-name
AssetImportWorker3
-projectPath
C:/Users/patri/Desktop/Nueva carpeta/Repos en llamas - copia/Fortress-Craft - copia/Fortaleza-ayuda
-logFile
Logs/AssetImportWorker3.log
-srvPort
60279
Successfully changed project path to: C:/Users/patri/Desktop/Nueva carpeta/Repos en llamas - copia/Fortress-Craft - copia/Fortaleza-ayuda
C:/Users/patri/Desktop/Nueva carpeta/Repos en llamas - copia/Fortress-Craft - copia/Fortaleza-ayuda
[UnityMemory] Configuration Parameters - Can be set up in boot.config
    "memorysetup-bucket-allocator-granularity=16"
    "memorysetup-bucket-allocator-bucket-count=8"
    "memorysetup-bucket-allocator-block-size=33554432"
    "memorysetup-bucket-allocator-block-count=8"
    "memorysetup-main-allocator-block-size=16777216"
    "memorysetup-thread-allocator-block-size=16777216"
    "memorysetup-gfx-main-allocator-block-size=16777216"
    "memorysetup-gfx-thread-allocator-block-size=16777216"
    "memorysetup-cache-allocator-block-size=4194304"
    "memorysetup-typetree-allocator-block-size=2097152"
    "memorysetup-profiler-bucket-allocator-granularity=16"
    "memorysetup-profiler-bucket-allocator-bucket-count=8"
    "memorysetup-profiler-bucket-allocator-block-size=33554432"
    "memorysetup-profiler-bucket-allocator-block-count=8"
    "memorysetup-profiler-allocator-block-size=16777216"
    "memorysetup-profiler-editor-allocator-block-size=1048576"
    "memorysetup-temp-allocator-size-main=16777216"
    "memorysetup-job-temp-allocator-block-size=2097152"
    "memorysetup-job-temp-allocator-block-size-background=1048576"
    "memorysetup-job-temp-allocator-reduction-small-platforms=262144"
    "memorysetup-temp-allocator-size-background-worker=32768"
    "memorysetup-temp-allocator-size-job-worker=262144"
    "memorysetup-temp-allocator-size-preload-manager=33554432"
    "memorysetup-temp-allocator-size-nav-mesh-worker=65536"
    "memorysetup-temp-allocator-size-audio-worker=65536"
    "memorysetup-temp-allocator-size-cloud-worker=32768"
    "memorysetup-temp-allocator-size-gi-baking-worker=262144"
    "memorysetup-temp-allocator-size-gfx=262144"
Refreshing native plugins compatible for Editor in 53.99 ms, found 3 plugins.
Preloading 0 native plugins for Editor in 0.00 ms.
Initialize engine version: 2021.3.0f1 (6eacc8284459)
[Subsystems] Discovering subsystems at path D:/Unity/2021.3.0f1/Editor/Data/Resources/UnitySubsystems
[Subsystems] Discovering subsystems at path C:/Users/patri/Desktop/Nueva carpeta/Repos en llamas - copia/Fortress-Craft - copia/Fortaleza-ayuda/Assets
GfxDevice: creating device client; threaded=0; jobified=0
Direct3D:
    Version:  Direct3D 11.0 [level 11.1]
    Renderer: AMD Radeon(TM) Graphics (ID=0x1638)
    Vendor:   ATI
    VRAM:     7882 MB
    Driver:   31.0.12042.4
Initialize mono
Mono path[0] = 'D:/Unity/2021.3.0f1/Editor/Data/Managed'
Mono path[1] = 'D:/Unity/2021.3.0f1/Editor/Data/MonoBleedingEdge/lib/mono/unityjit-win32'
Mono config path = 'D:/Unity/2021.3.0f1/Editor/Data/MonoBleedingEdge/etc'
Using monoOptions --debugger-agent=transport=dt_socket,embedding=1,server=y,suspend=n,address=127.0.0.1:56864
Begin MonoManager ReloadAssembly
Registering precompiled unity dll's ...
Register platform support module: D:/Unity/2021.3.0f1/Editor/Data/PlaybackEngines/WebGLSupport/UnityEditor.WebGL.Extensions.dll
Register platform support module: D:/Unity/2021.3.0f1/Editor/Data/PlaybackEngines/WindowsStandaloneSupport/UnityEditor.WindowsStandalone.Extensions.dll
Registered in 0.001812 seconds.
Native extension for WindowsStandalone target not found
Native extension for WebGL target not found
Refreshing native plugins compatible for Editor in 53.49 ms, found 3 plugins.
Preloading 0 native plugins for Editor in 0.00 ms.
Mono: successfully reloaded assembly
- Completed reload, in  0.437 seconds
Domain Reload Profiling:
	ReloadAssembly (437ms)
		BeginReloadAssembly (50ms)
			ExecutionOrderSort (0ms)
			DisableScriptedObjects (0ms)
			BackupInstance (0ms)
			ReleaseScriptingObjects (0ms)
			CreateAndSetChildDomain (1ms)
		EndReloadAssembly (314ms)
			LoadAssemblies (50ms)
			RebuildTransferFunctionScriptingTraits (0ms)
			SetupTypeCache (72ms)
			ReleaseScriptCaches (0ms)
			RebuildScriptCaches (19ms)
			SetupLoadedEditorAssemblies (186ms)
				LogAssemblyErrors (0ms)
				InitializePlatformSupportModulesInManaged (6ms)
				SetLoadedEditorAssemblies (0ms)
				RefreshPlugins (54ms)
				BeforeProcessingInitializeOnLoad (1ms)
				ProcessInitializeOnLoadAttributes (92ms)
				ProcessInitializeOnLoadMethodAttributes (34ms)
				AfterProcessingInitializeOnLoad (0ms)
				EditorAssembliesLoaded (0ms)
			ExecutionOrderSort2 (0ms)
			AwakeInstancesAfterBackupRestoration (0ms)
Platform modules already initialized, skipping
Registering precompiled user dll's ...
Registered in 0.003547 seconds.
Begin MonoManager ReloadAssembly
Symbol file LoadedFromMemory doesn't match image C:\Users\patri\Desktop\Nueva carpeta\Repos en llamas - copia\Fortress-Craft - copia\Fortaleza-ayuda\Library\PackageCache\com.unity.visualscripting@1.7.6\Editor\VisualScripting.Core\Dependencies\YamlDotNet\Unity.VisualScripting.YamlDotNet.dll
Symbol file LoadedFromMemory is not a mono symbol file
Symbol file LoadedFromMemory doesn't match image C:\Users\patri\Desktop\Nueva carpeta\Repos en llamas - copia\Fortress-Craft - copia\Fortaleza-ayuda\Library\PackageCache\com.unity.visualscripting@1.7.6\Editor\VisualScripting.Core\Dependencies\DotNetZip\Unity.VisualScripting.IonicZip.dll
Native extension for WindowsStandalone target not found
Native extension for WebGL target not found
Refreshing native plugins compatible for Editor in 0.59 ms, found 3 plugins.
Preloading 0 native plugins for Editor in 0.00 ms.
Mono: successfully reloaded assembly
- Completed reload, in  0.700 seconds
Domain Reload Profiling:
	ReloadAssembly (701ms)
		BeginReloadAssembly (98ms)
			ExecutionOrderSort (0ms)
			DisableScriptedObjects (5ms)
			BackupInstance (0ms)
			ReleaseScriptingObjects (0ms)
			CreateAndSetChildDomain (27ms)
		EndReloadAssembly (515ms)
			LoadAssemblies (61ms)
			RebuildTransferFunctionScriptingTraits (0ms)
			SetupTypeCache (150ms)
			ReleaseScriptCaches (1ms)
			RebuildScriptCaches (37ms)
			SetupLoadedEditorAssemblies (237ms)
				LogAssemblyErrors (0ms)
				InitializePlatformSupportModulesInManaged (4ms)
				SetLoadedEditorAssemblies (0ms)
				RefreshPlugins (1ms)
				BeforeProcessingInitializeOnLoad (52ms)
				ProcessInitializeOnLoadAttributes (159ms)
				ProcessInitializeOnLoadMethodAttributes (18ms)
				AfterProcessingInitializeOnLoad (2ms)
				EditorAssembliesLoaded (0ms)
			ExecutionOrderSort2 (0ms)
			AwakeInstancesAfterBackupRestoration (5ms)
Platform modules already initialized, skipping
========================================================================
Worker process is ready to serve import requests
Launched and connected shader compiler UnityShaderCompiler.exe after 0.08 seconds
Refreshing native plugins compatible for Editor in 0.59 ms, found 3 plugins.
Preloading 0 native plugins for Editor in 0.00 ms.
Unloading 3191 Unused Serialized files (Serialized files now loaded: 0)
Unloading 20 unused Assets / (47.8 KB). Loaded Objects now: 3656.
Memory consumption went from 113.1 MB to 113.0 MB.
Total: 2.659500 ms (FindLiveObjects: 0.247000 ms CreateObjectMapping: 0.183000 ms MarkObjects: 2.152400 ms  DeleteObjects: 0.075900 ms)

AssetImportParameters requested are different than current active one (requested -> active):
  custom:video-decoder-ogg-theora: a1e56fd34408186e4bbccfd4996cb3dc -> 
  custom:container-muxer-webm: aa71ff27fc2769a1b78a27578f13a17b -> 
  custom:container-demuxer-webm: 4f35f7cbe854078d1ac9338744f61a02 -> 
  custom:video-encoder-webm-vp8: eb34c28f22e8b96e1ab97ce403110664 -> 
  custom:video-codec-MediaFoundation-h265: 746d11721c4dcdbdad8f713fa42b33f4 -> 
  custom:audio-encoder-webm-vorbis: bf7c407c2cedff20999df2af8eb42d56 -> 
  custom:framework-win-MediaFoundation: 216162199b28c13a410421893ffa2e32 -> 
  custom:container-demuxer-ogg: 62fdf1f143b41e24485cea50d1cbac27 -> 
  custom:video-decoder-webm-vp8: 9c59270c3fd7afecdb556c50c9e8de78 -> 
  custom:audio-decoder-ogg-vorbis: bf7c407c2cedff20999df2af8eb42d56 -> 
========================================================================
Received Import Request.
  Time since last request: 445703.270987 seconds.
  path: Assets/IMAGENES/Mesones Cubos/escenario mesones 14 - chico.png
  artifactKey: Guid(a753c3b6a1c306543943c7b636dd070e) Importer(815301076,1909f56bfc062723c751e8b465ee728b)
Start importing Assets/IMAGENES/Mesones Cubos/escenario mesones 14 - chico.png using Guid(a753c3b6a1c306543943c7b636dd070e) Importer(815301076,1909f56bfc062723c751e8b465ee728b)  -> (artifact id: 'd40e6c36d96feca8c6cf5ace12ea00f8') in 0.114360 seconds 
========================================================================
Received Import Request.
  Time since last request: 0.000023 seconds.
  path: Assets/IMAGENES/Mesones Cubos/escenario mesones 27 - chico.png
  artifactKey: Guid(4269e8403afaba0439bcde25e8e2817c) Importer(815301076,1909f56bfc062723c751e8b465ee728b)
Start importing Assets/IMAGENES/Mesones Cubos/escenario mesones 27 - chico.png using Guid(4269e8403afaba0439bcde25e8e2817c) Importer(815301076,1909f56bfc062723c751e8b465ee728b)  -> (artifact id: '5e346c5b0b89c56caff46072a522a1e6') in 0.022009 seconds 
========================================================================
Received Import Request.
  Time since last request: 0.000064 seconds.
  path: Assets/IMAGENES/Mesones Cubos/escenario mesones 25 - chico.png
  artifactKey: Guid(927b5ae308eb86e43bbe055e31b97bfc) Importer(815301076,1909f56bfc062723c751e8b465ee728b)
Start importing Assets/IMAGENES/Mesones Cubos/escenario mesones 25 - chico.png using Guid(927b5ae308eb86e43bbe055e31b97bfc) Importer(815301076,1909f56bfc062723c751e8b465ee728b)  -> (artifact id: '04d58582586e2db7f653e5cee2b762bf') in 0.021537 seconds 
========================================================================
Received Import Request.
  Time since last request: 0.000020 seconds.
  path: Assets/IMAGENES/Mesones Cubos/escenario mesones 26 - chico.png
  artifactKey: Guid(e3cf7feba0f7bf64684babc4c097f720) Importer(815301076,1909f56bfc062723c751e8b465ee728b)
Start importing Assets/IMAGENES/Mesones Cubos/escenario mesones 26 - chico.png using Guid(e3cf7feba0f7bf64684babc4c097f720) Importer(815301076,1909f56bfc062723c751e8b465ee728b)  -> (artifact id: '2c8e1f253824328b8b67bf54b65bbd46') in 0.022723 seconds 
========================================================================
Received Import Request.
  Time since last request: 0.000022 seconds.
  path: Assets/IMAGENES/Mesones Cubos/escenario mesones 31 - chico.png
  artifactKey: Guid(16a15b1479b3a5e4689a63ea8dfc2992) Importer(815301076,1909f56bfc062723c751e8b465ee728b)
Start importing Assets/IMAGENES/Mesones Cubos/escenario mesones 31 - chico.png using Guid(16a15b1479b3a5e4689a63ea8dfc2992) Importer(815301076,1909f56bfc062723c751e8b465ee728b)  -> (artifact id: 'd1e81909b7a9b93ff3062da2c54ac30b') in 0.023305 seconds 
========================================================================
Received Import Request.
  Time since last request: 0.000021 seconds.
  path: Assets/IMAGENES/Mesones Cubos/escenario mesones 20 - chico.png
  artifactKey: Guid(05c3b5ca14abe3643bca84ced27591bc) Importer(815301076,1909f56bfc062723c751e8b465ee728b)
Start importing Assets/IMAGENES/Mesones Cubos/escenario mesones 20 - chico.png using Guid(05c3b5ca14abe3643bca84ced27591bc) Importer(815301076,1909f56bfc062723c751e8b465ee728b)  -> (artifact id: 'b571266fd3834b3496947edbc13b554f') in 0.036376 seconds 
========================================================================
Received Import Request.
  Time since last request: 0.000020 seconds.
  path: Assets/IMAGENES/Mesones Cubos/escenario mesones 37 - chico.png
  artifactKey: Guid(4d98f98a1280a0c4db49000f147a3f1e) Importer(815301076,1909f56bfc062723c751e8b465ee728b)
Start importing Assets/IMAGENES/Mesones Cubos/escenario mesones 37 - chico.png using Guid(4d98f98a1280a0c4db49000f147a3f1e) Importer(815301076,1909f56bfc062723c751e8b465ee728b)  -> (artifact id: '78b0e3d1dded5be9c30db03d1cd910ac') in 0.021091 seconds 
========================================================================
Received Import Request.
  Time since last request: 14.435428 seconds.
  path: Assets/Resources/Prefab Table/Crafting Table (1).prefab
  artifactKey: Guid(9bfcd76060c693043a65030325b1c596) Importer(815301076,1909f56bfc062723c751e8b465ee728b)
Start importing Assets/Resources/Prefab Table/Crafting Table (1).prefab using Guid(9bfcd76060c693043a65030325b1c596) Importer(815301076,1909f56bfc062723c751e8b465ee728b)  -> (artifact id: '8a3b8ead33c3abc268214804d7b1be5c') in 0.058785 seconds 
========================================================================
Received Import Request.
  Time since last request: 0.000025 seconds.
  path: Assets/Resources/Prefab Table/Magic Mineral Dispenser.prefab
  artifactKey: Guid(9f3c01d2ab9eb854ab34a3d8baeeba45) Importer(815301076,1909f56bfc062723c751e8b465ee728b)
Start importing Assets/Resources/Prefab Table/Magic Mineral Dispenser.prefab using Guid(9f3c01d2ab9eb854ab34a3d8baeeba45) Importer(815301076,1909f56bfc062723c751e8b465ee728b)  -> (artifact id: '315d7cf525d4f2c95ad782baa713caf1') in 0.016253 seconds 
========================================================================
Received Import Request.
  Time since last request: 0.000029 seconds.
  path: Assets/Resources/Prefab Table/Wood Dispenser.prefab
  artifactKey: Guid(1ae81f7b0bef7604fa206811117f5ad9) Importer(815301076,1909f56bfc062723c751e8b465ee728b)
Start importing Assets/Resources/Prefab Table/Wood Dispenser.prefab using Guid(1ae81f7b0bef7604fa206811117f5ad9) Importer(815301076,1909f56bfc062723c751e8b465ee728b)  -> (artifact id: 'a41c8c5b08839e76a9be0af919c5076f') in 0.016869 seconds 
========================================================================
Received Import Request.
  Time since last request: 0.962624 seconds.
  path: Assets/Resources/Prefab x/Fuego 1.prefab
  artifactKey: Guid(22f771e26187b2749b87f4a79bd28232) Importer(815301076,1909f56bfc062723c751e8b465ee728b)
Start importing Assets/Resources/Prefab x/Fuego 1.prefab using Guid(22f771e26187b2749b87f4a79bd28232) Importer(815301076,1909f56bfc062723c751e8b465ee728b)  -> (artifact id: '4ac73b0db7be4211d6838437435a97ad') in 0.012704 seconds 
========================================================================
Received Import Request.
  Time since last request: 0.000022 seconds.
  path: Assets/Resources/Prefab x/Obj2 1.prefab
  artifactKey: Guid(e0af8cd2123b93c40bda3503d110fce4) Importer(815301076,1909f56bfc062723c751e8b465ee728b)
Start importing Assets/Resources/Prefab x/Obj2 1.prefab using Guid(e0af8cd2123b93c40bda3503d110fce4) Importer(815301076,1909f56bfc062723c751e8b465ee728b)  -> (artifact id: '2000a899d28b432335ad3d18a9143a2f') in 0.008452 seconds 
========================================================================
Received Import Request.
  Time since last request: 0.000024 seconds.
  path: Assets/Resources/Prefab x/Obj2.prefab
  artifactKey: Guid(ca719b40c5025c4418adf7446b5f948b) Importer(815301076,1909f56bfc062723c751e8b465ee728b)
Start importing Assets/Resources/Prefab x/Obj2.prefab using Guid(ca719b40c5025c4418adf7446b5f948b) Importer(815301076,1909f56bfc062723c751e8b465ee728b)  -> (artifact id: '4bcd4b2d8d8bb066a6dea825d68d1ad0') in 0.014245 seconds 
========================================================================
Received Import Request.
  Time since last request: 0.000022 seconds.
  path: Assets/Resources/Prefab x/Obj1 1.prefab
  artifactKey: Guid(74d75ca7b0f7e9946964b1b615fab9b4) Importer(815301076,1909f56bfc062723c751e8b465ee728b)
Start importing Assets/Resources/Prefab x/Obj1 1.prefab using Guid(74d75ca7b0f7e9946964b1b615fab9b4) Importer(815301076,1909f56bfc062723c751e8b465ee728b)  -> (artifact id: '6da2fed580724351d4e4f27c4feca516') in 0.014260 seconds 
========================================================================
Received Import Request.
  Time since last request: 0.000029 seconds.
  path: Assets/Resources/Prefab x/Square.prefab
  artifactKey: Guid(e4b3e00bad545124a93e563e1fe252a4) Importer(815301076,1909f56bfc062723c751e8b465ee728b)
Start importing Assets/Resources/Prefab x/Square.prefab using Guid(e4b3e00bad545124a93e563e1fe252a4) Importer(815301076,1909f56bfc062723c751e8b465ee728b)  -> (artifact id: 'cd9c43954a84a2a28fcfa2a3e7c2ed7f') in 0.012000 seconds 
========================================================================
Received Import Request.
  Time since last request: 0.000030 seconds.
  path: Assets/Resources/Prefab x/Part1.prefab
  artifactKey: Guid(56d40441657ae1e46b06b9db4db56c8b) Importer(815301076,1909f56bfc062723c751e8b465ee728b)
Start importing Assets/Resources/Prefab x/Part1.prefab using Guid(56d40441657ae1e46b06b9db4db56c8b) Importer(815301076,1909f56bfc062723c751e8b465ee728b)  -> (artifact id: '67d412eb82f85d31a2c777d0aa2ec8b2') in 0.086512 seconds 
========================================================================
Received Import Request.
  Time since last request: 3.272395 seconds.
  path: Assets/Sprits/Estructure/CIELO.gif
  artifactKey: Guid(bb070653a3f4ea34db99e25c83133ae4) Importer(815301076,1909f56bfc062723c751e8b465ee728b)
Start importing Assets/Sprits/Estructure/CIELO.gif using Guid(bb070653a3f4ea34db99e25c83133ae4) Importer(815301076,1909f56bfc062723c751e8b465ee728b)  -> (artifact id: '702d374c5f224a16d771ea5a294c95aa') in 0.111070 seconds 
========================================================================
Received Import Request.
  Time since last request: 0.000022 seconds.
  path: Assets/Sprits/Estructure/fortress craft - PARED lateral (1) 1.png
  artifactKey: Guid(b5cc3a3c367781e4197ceddd8d194586) Importer(815301076,1909f56bfc062723c751e8b465ee728b)
Start importing Assets/Sprits/Estructure/fortress craft - PARED lateral (1) 1.png using Guid(b5cc3a3c367781e4197ceddd8d194586) Importer(815301076,1909f56bfc062723c751e8b465ee728b)  -> (artifact id: 'e4a0ffc0f5bd836353d1c7973d258fb0') in 0.097541 seconds 
========================================================================
Received Import Request.
  Time since last request: 0.000030 seconds.
  path: Assets/Sprits/Estructure/fortress craft - cofres coop.png
  artifactKey: Guid(b88ee1df28f3b2d429700158b4938fff) Importer(815301076,1909f56bfc062723c751e8b465ee728b)
Start importing Assets/Sprits/Estructure/fortress craft - cofres coop.png using Guid(b88ee1df28f3b2d429700158b4938fff) Importer(815301076,1909f56bfc062723c751e8b465ee728b)  -> (artifact id: 'a873110a5adceef566ccfbe8ee0bcf86') in 0.091548 seconds 
========================================================================
Received Import Request.
  Time since last request: 0.000017 seconds.
  path: Assets/Sprits/Estructure/fortress craft - pared traser (1).png
  artifactKey: Guid(e4add2e0c54fd954397503e44f381514) Importer(815301076,1909f56bfc062723c751e8b465ee728b)
Start importing Assets/Sprits/Estructure/fortress craft - pared traser (1).png using Guid(e4add2e0c54fd954397503e44f381514) Importer(815301076,1909f56bfc062723c751e8b465ee728b)  -> (artifact id: 'e1f4de5e34bd48b920194f1450e5b46e') in 0.088717 seconds 
========================================================================
Received Import Request.
  Time since last request: 2.694133 seconds.
  path: Assets/Sprits/Estructure/MESONES COOP/fortress craft - pedidos sprits.png
  artifactKey: Guid(2c176004145e393468cb1fff52eadac9) Importer(815301076,1909f56bfc062723c751e8b465ee728b)
Start importing Assets/Sprits/Estructure/MESONES COOP/fortress craft - pedidos sprits.png using Guid(2c176004145e393468cb1fff52eadac9) Importer(815301076,1909f56bfc062723c751e8b465ee728b)  -> (artifact id: '1ac5dcf0cd2ae6d5b600188c07dbcbd6') in 0.078372 seconds 
========================================================================
Received Import Request.
  Time since last request: 0.000020 seconds.
  path: Assets/Sprits/Estructure/MESONES COOP/M6 - P1.png
  artifactKey: Guid(9369f5b5275907048b9c320016baac7a) Importer(815301076,1909f56bfc062723c751e8b465ee728b)
Start importing Assets/Sprits/Estructure/MESONES COOP/M6 - P1.png using Guid(9369f5b5275907048b9c320016baac7a) Importer(815301076,1909f56bfc062723c751e8b465ee728b)  -> (artifact id: 'fefe44dcb0c28e1b2088178f3ce82cb6') in 0.019355 seconds 
========================================================================
Received Import Request.
  Time since last request: 0.000019 seconds.
  path: Assets/Sprits/Estructure/MESONES COOP/M3 - P3.png
  artifactKey: Guid(4bcb8538bd9c8154baa8c85fe218dd37) Importer(815301076,1909f56bfc062723c751e8b465ee728b)
Start importing Assets/Sprits/Estructure/MESONES COOP/M3 - P3.png using Guid(4bcb8538bd9c8154baa8c85fe218dd37) Importer(815301076,1909f56bfc062723c751e8b465ee728b)  -> (artifact id: '27563ad6996db93fbe1e97ae957d2041') in 0.020621 seconds 
========================================================================
Received Import Request.
  Time since last request: 0.000020 seconds.
  path: Assets/Sprits/Estructure/MESONES COOP/M3 - P4.png
  artifactKey: Guid(b9aa7894415aa5b4eb227f1ba19a8088) Importer(815301076,1909f56bfc062723c751e8b465ee728b)
Start importing Assets/Sprits/Estructure/MESONES COOP/M3 - P4.png using Guid(b9aa7894415aa5b4eb227f1ba19a8088) Importer(815301076,1909f56bfc062723c751e8b465ee728b)  -> (artifact id: '509d42c474de06e874430a8e3d11233f') in 0.020407 seconds 
========================================================================
Received Import Request.
  Time since last request: 0.000016 seconds.
  path: Assets/Sprits/Estructure/MESONES COOP/TIENDA (1).png
  artifactKey: Guid(e64b3f9491bb5ca4ba0c28a89c98a0d4) Importer(815301076,1909f56bfc062723c751e8b465ee728b)
Start importing Assets/Sprits/Estructure/MESONES COOP/TIENDA (1).png using Guid(e64b3f9491bb5ca4ba0c28a89c98a0d4) Importer(815301076,1909f56bfc062723c751e8b465ee728b)  -> (artifact id: '81bbbfd587e951211f00a486e7bcc5ba') in 0.025895 seconds 
========================================================================
Received Import Request.
  Time since last request: 0.000020 seconds.
  path: Assets/Sprits/Estructure/MESONES COOP/M2 - P9.png
  artifactKey: Guid(7883644d45188c945a67ee051132edd6) Importer(815301076,1909f56bfc062723c751e8b465ee728b)
Start importing Assets/Sprits/Estructure/MESONES COOP/M2 - P9.png using Guid(7883644d45188c945a67ee051132edd6) Importer(815301076,1909f56bfc062723c751e8b465ee728b)  -> (artifact id: '48683b438e640cabd1ff93f63c344c7b') in 0.026416 seconds 
========================================================================
Received Import Request.
  Time since last request: 0.000041 seconds.
  path: Assets/Sprits/Estructure/MESONES COOP/M1 - P6.png
  artifactKey: Guid(76a9ccf5acc45034297a86111fec0af6) Importer(815301076,1909f56bfc062723c751e8b465ee728b)
Start importing Assets/Sprits/Estructure/MESONES COOP/M1 - P6.png using Guid(76a9ccf5acc45034297a86111fec0af6) Importer(815301076,1909f56bfc062723c751e8b465ee728b)  -> (artifact id: '10889ead7cef6eab2a0c2353d0b6e36f') in 0.022931 seconds 
========================================================================
Received Import Request.
  Time since last request: 0.000020 seconds.
  path: Assets/Sprits/Estructure/MESONES COOP/M6 - P2.png
  artifactKey: Guid(39904410be40c4549a9ed74033ec23c1) Importer(815301076,1909f56bfc062723c751e8b465ee728b)
Start importing Assets/Sprits/Estructure/MESONES COOP/M6 - P2.png using Guid(39904410be40c4549a9ed74033ec23c1) Importer(815301076,1909f56bfc062723c751e8b465ee728b)  -> (artifact id: '8abb5a1013af22f639359d34e144efe6') in 0.016132 seconds 
========================================================================
Received Import Request.
  Time since last request: 0.000024 seconds.
  path: Assets/Sprits/Estructure/MESONES COOP/M6 - P3.png
  artifactKey: Guid(a9d2f2ff12aaaed46bded97bd971ae5a) Importer(815301076,1909f56bfc062723c751e8b465ee728b)
Start importing Assets/Sprits/Estructure/MESONES COOP/M6 - P3.png using Guid(a9d2f2ff12aaaed46bded97bd971ae5a) Importer(815301076,1909f56bfc062723c751e8b465ee728b)  -> (artifact id: '1822c2977ceb953cfd4bd94080101a14') in 0.018389 seconds 
========================================================================
Received Import Request.
  Time since last request: 0.000022 seconds.
  path: Assets/Sprits/Estructure/MESONES COOP/M7 - P7.png
  artifactKey: Guid(436a74440026d0044bb56884bd02bd97) Importer(815301076,1909f56bfc062723c751e8b465ee728b)
Start importing Assets/Sprits/Estructure/MESONES COOP/M7 - P7.png using Guid(436a74440026d0044bb56884bd02bd97) Importer(815301076,1909f56bfc062723c751e8b465ee728b)  -> (artifact id: '3a187ca83606ee1243b2b15783781615') in 0.017882 seconds 
========================================================================
Received Import Request.
  Time since last request: 0.000017 seconds.
  path: Assets/Sprits/Estructure/MESONES COOP/M4 - P4.png
  artifactKey: Guid(f70c12691c0926c4cb45d2a8f579a356) Importer(815301076,1909f56bfc062723c751e8b465ee728b)
Start importing Assets/Sprits/Estructure/MESONES COOP/M4 - P4.png using Guid(f70c12691c0926c4cb45d2a8f579a356) Importer(815301076,1909f56bfc062723c751e8b465ee728b)  -> (artifact id: '7997fa327ee7f23424de57f3ee847ec4') in 0.018854 seconds 
========================================================================
Received Import Request.
  Time since last request: 0.000018 seconds.
  path: Assets/Sprits/Estructure/MESONES COOP/M2 - P11.png
  artifactKey: Guid(65264a37273011242bfad77b8c9f1bcb) Importer(815301076,1909f56bfc062723c751e8b465ee728b)
Start importing Assets/Sprits/Estructure/MESONES COOP/M2 - P11.png using Guid(65264a37273011242bfad77b8c9f1bcb) Importer(815301076,1909f56bfc062723c751e8b465ee728b)  -> (artifact id: '50729f1324516e79a35bacb0bafdfe22') in 0.030996 seconds 
========================================================================
Received Import Request.
  Time since last request: 0.000022 seconds.
  path: Assets/Sprits/Estructure/MESONES COOP/M5 - P3.png
  artifactKey: Guid(312d613eca65c3d4aa0091ce17cbabfc) Importer(815301076,1909f56bfc062723c751e8b465ee728b)
Start importing Assets/Sprits/Estructure/MESONES COOP/M5 - P3.png using Guid(312d613eca65c3d4aa0091ce17cbabfc) Importer(815301076,1909f56bfc062723c751e8b465ee728b)  -> (artifact id: '54756dfd4f313d522ab8af43b9f6e724') in 0.020531 seconds 
========================================================================
Received Import Request.
  Time since last request: 0.000029 seconds.
  path: Assets/Sprits/Estructure/MESONES COOP/M2 - P5.png
  artifactKey: Guid(b0cc338f1cb75d04aa643ac72ba34f3e) Importer(815301076,1909f56bfc062723c751e8b465ee728b)
Start importing Assets/Sprits/Estructure/MESONES COOP/M2 - P5.png using Guid(b0cc338f1cb75d04aa643ac72ba34f3e) Importer(815301076,1909f56bfc062723c751e8b465ee728b)  -> (artifact id: '64806cdd6a13a4dfdde90d3bfecbbafc') in 0.028804 seconds 
========================================================================
Received Import Request.
  Time since last request: 0.000026 seconds.
  path: Assets/Sprits/Estructure/MESONES COOP/M3 - P2.png
  artifactKey: Guid(49f7f0f07c675214dad230d69b88465f) Importer(815301076,1909f56bfc062723c751e8b465ee728b)
Start importing Assets/Sprits/Estructure/MESONES COOP/M3 - P2.png using Guid(49f7f0f07c675214dad230d69b88465f) Importer(815301076,1909f56bfc062723c751e8b465ee728b)  -> (artifact id: 'be32281088a294af485a9a40eda65679') in 0.020349 seconds 
========================================================================
Received Import Request.
  Time since last request: 0.000031 seconds.
  path: Assets/Sprits/Estructure/MESONES COOP/fortress craft- TORRETA ANIMACION.gif
  artifactKey: Guid(19bd030de54d4714aa175bedb36c5e8e) Importer(815301076,1909f56bfc062723c751e8b465ee728b)
Start importing Assets/Sprits/Estructure/MESONES COOP/fortress craft- TORRETA ANIMACION.gif using Guid(19bd030de54d4714aa175bedb36c5e8e) Importer(815301076,1909f56bfc062723c751e8b465ee728b)  -> (artifact id: '23f39c2c898189c2837b8aee5caa113e') in 0.022903 seconds 
========================================================================
Received Import Request.
  Time since last request: 0.000021 seconds.
  path: Assets/Sprits/Estructure/MESONES COOP/M6 - P4.png
  artifactKey: Guid(2400c8b2e6e21bb479f410a18304f8b7) Importer(815301076,1909f56bfc062723c751e8b465ee728b)
Start importing Assets/Sprits/Estructure/MESONES COOP/M6 - P4.png using Guid(2400c8b2e6e21bb479f410a18304f8b7) Importer(815301076,1909f56bfc062723c751e8b465ee728b)  -> (artifact id: 'f92862e19a1a47715f202fbfe1deca47') in 0.020035 seconds 
========================================================================
Received Import Request.
  Time since last request: 0.000022 seconds.
  path: Assets/Sprits/Estructure/MESONES COOP/M7 - P3.png
  artifactKey: Guid(05d973a668b3a65479c2be31ac12103c) Importer(815301076,1909f56bfc062723c751e8b465ee728b)
Start importing Assets/Sprits/Estructure/MESONES COOP/M7 - P3.png using Guid(05d973a668b3a65479c2be31ac12103c) Importer(815301076,1909f56bfc062723c751e8b465ee728b)  -> (artifact id: 'd454e0714a891fd3d6353f183972958f') in 0.022102 seconds 
========================================================================
Received Import Request.
  Time since last request: 0.000020 seconds.
  path: Assets/Sprits/Estructure/MESONES COOP/M1 - P3.png
  artifactKey: Guid(40d5a2f3f93be124db00081a0f7fedd8) Importer(815301076,1909f56bfc062723c751e8b465ee728b)
Start importing Assets/Sprits/Estructure/MESONES COOP/M1 - P3.png using Guid(40d5a2f3f93be124db00081a0f7fedd8) Importer(815301076,1909f56bfc062723c751e8b465ee728b)  -> (artifact id: '69569993533997f0f2782ece024877d5') in 0.022596 seconds 
========================================================================
Received Import Request.
  Time since last request: 10.547822 seconds.
  path: Assets/Sprits/Estructure/PLAYERS/fortress craft - tablon de pedidos COOP y VS.png
  artifactKey: Guid(8bfe81094528c694080ac6f1eb7b3803) Importer(815301076,1909f56bfc062723c751e8b465ee728b)
Start importing Assets/Sprits/Estructure/PLAYERS/fortress craft - tablon de pedidos COOP y VS.png using Guid(8bfe81094528c694080ac6f1eb7b3803) Importer(815301076,1909f56bfc062723c751e8b465ee728b)  -> (artifact id: '1b66747098bd9731d5571643c7cdf413') in 0.084484 seconds 
========================================================================
Received Import Request.
  Time since last request: 2715.497261 seconds.
  path: Assets/TopDown 2D RPG BE3/Sprites/User Interface.png
  artifactKey: Guid(1c9bc0d104c01934da10d4333b9dc48b) Importer(815301076,1909f56bfc062723c751e8b465ee728b)
Start importing Assets/TopDown 2D RPG BE3/Sprites/User Interface.png using Guid(1c9bc0d104c01934da10d4333b9dc48b) Importer(815301076,1909f56bfc062723c751e8b465ee728b)  -> (artifact id: 'e9797e00c54d861e05c68c63d88df15b') in 0.069071 seconds 
========================================================================
Received Import Request.
  Time since last request: 26.054957 seconds.
  path: Packages/com.unity.collab-proxy/Editor/PlasticSCM/Assets/Images/loading.png
  artifactKey: Guid(c6b1bcaa3f4767141acd747384dbb276) Importer(815301076,1909f56bfc062723c751e8b465ee728b)
Start importing Packages/com.unity.collab-proxy/Editor/PlasticSCM/Assets/Images/loading.png using Guid(c6b1bcaa3f4767141acd747384dbb276) Importer(815301076,1909f56bfc062723c751e8b465ee728b)  -> (artifact id: 'b17090272883bf4a4b2825ef1ff728cc') in 0.032731 seconds 
========================================================================
Received Import Request.
  Time since last request: 0.000053 seconds.
  path: Packages/com.unity.collab-proxy/Editor/PlasticSCM/Assets/Images/iconmergeconflict.png
  artifactKey: Guid(3ebdd5b3c161fc343a4bbc3ea42da8ca) Importer(815301076,1909f56bfc062723c751e8b465ee728b)
Start importing Packages/com.unity.collab-proxy/Editor/PlasticSCM/Assets/Images/iconmergeconflict.png using Guid(3ebdd5b3c161fc343a4bbc3ea42da8ca) Importer(815301076,1909f56bfc062723c751e8b465ee728b)  -> (artifact id: 'f21d824e55202c6c21d84a3b56780d19') in 0.031913 seconds 
========================================================================
Received Import Request.
  Time since last request: 0.000063 seconds.
  path: Packages/com.unity.collab-proxy/Editor/PlasticSCM/Assets/Images/iconcheckedoutlocaloverlay@2x.png
  artifactKey: Guid(3999034958d54364da380a8839a11050) Importer(815301076,1909f56bfc062723c751e8b465ee728b)
Start importing Packages/com.unity.collab-proxy/Editor/PlasticSCM/Assets/Images/iconcheckedoutlocaloverlay@2x.png using Guid(3999034958d54364da380a8839a11050) Importer(815301076,1909f56bfc062723c751e8b465ee728b)  -> (artifact id: '9056a1dc27e7726c8868332107a3f225') in 0.020636 seconds 
========================================================================
Received Import Request.
  Time since last request: 0.000021 seconds.
  path: Packages/com.unity.collab-proxy/Editor/PlasticSCM/Assets/Images/iconaddedoverlay.png
  artifactKey: Guid(5978a510e241e1a41b7ea0db0b64f333) Importer(815301076,1909f56bfc062723c751e8b465ee728b)
Start importing Packages/com.unity.collab-proxy/Editor/PlasticSCM/Assets/Images/iconaddedoverlay.png using Guid(5978a510e241e1a41b7ea0db0b64f333) Importer(815301076,1909f56bfc062723c751e8b465ee728b)  -> (artifact id: '5f8652d0f81332318d82e8d2a24e68a6') in 0.030218 seconds 
========================================================================
Received Import Request.
  Time since last request: 0.000023 seconds.
  path: Packages/com.unity.collab-proxy/Editor/PlasticSCM/Assets/Images/loading@2x.png
  artifactKey: Guid(5dbc069eb79bd4d43840847264d6d956) Importer(815301076,1909f56bfc062723c751e8b465ee728b)
Start importing Packages/com.unity.collab-proxy/Editor/PlasticSCM/Assets/Images/loading@2x.png using Guid(5dbc069eb79bd4d43840847264d6d956) Importer(815301076,1909f56bfc062723c751e8b465ee728b)  -> (artifact id: 'abe08de3db2c8001d33418db4003a18c') in 0.018323 seconds 
========================================================================
Received Import Request.
  Time since last request: 0.000047 seconds.
  path: Packages/com.unity.collab-proxy/Editor/PlasticSCM/Assets/Images/iconlockedremoteoverlay@2x.png
  artifactKey: Guid(f73a7d8758d7be04588b15637d94b5a8) Importer(815301076,1909f56bfc062723c751e8b465ee728b)
Start importing Packages/com.unity.collab-proxy/Editor/PlasticSCM/Assets/Images/iconlockedremoteoverlay@2x.png using Guid(f73a7d8758d7be04588b15637d94b5a8) Importer(815301076,1909f56bfc062723c751e8b465ee728b)  -> (artifact id: 'fbb7cca642b27dacb62513e67eb9e5dc') in 0.025094 seconds 
========================================================================
Received Import Request.
  Time since last request: 0.000064 seconds.
  path: Packages/com.unity.collab-proxy/Editor/PlasticSCM/Assets/Images/d_iconundo.png
  artifactKey: Guid(691dc543ff5b9ca44bf846657ba04161) Importer(815301076,1909f56bfc062723c751e8b465ee728b)
Start importing Packages/com.unity.collab-proxy/Editor/PlasticSCM/Assets/Images/d_iconundo.png using Guid(691dc543ff5b9ca44bf846657ba04161) Importer(815301076,1909f56bfc062723c751e8b465ee728b)  -> (artifact id: '731347ed9e8df1acb34faadf9d242f57') in 0.029941 seconds 
========================================================================
Received Import Request.
  Time since last request: 0.000040 seconds.
  path: Packages/com.unity.collab-proxy/Editor/PlasticSCM/Assets/Images/d_ignoredoverlay.png
  artifactKey: Guid(0f5597de928ba6547895c4cdb9fa4185) Importer(815301076,1909f56bfc062723c751e8b465ee728b)
Start importing Packages/com.unity.collab-proxy/Editor/PlasticSCM/Assets/Images/d_ignoredoverlay.png using Guid(0f5597de928ba6547895c4cdb9fa4185) Importer(815301076,1909f56bfc062723c751e8b465ee728b)  -> (artifact id: '298df9b398d7aef491c0a6c723262381') in 0.016814 seconds 
========================================================================
Received Import Request.
  Time since last request: 0.000052 seconds.
  path: Packages/com.unity.collab-proxy/Editor/PlasticSCM/Assets/Images/iconmergelink.png
  artifactKey: Guid(120bf54dff785a0429b068b814e9c12a) Importer(815301076,1909f56bfc062723c751e8b465ee728b)
Start importing Packages/com.unity.collab-proxy/Editor/PlasticSCM/Assets/Images/iconmergelink.png using Guid(120bf54dff785a0429b068b814e9c12a) Importer(815301076,1909f56bfc062723c751e8b465ee728b)  -> (artifact id: '726f185469a8f5773240ead32ac20ddf') in 0.016978 seconds 
========================================================================
Received Import Request.
  Time since last request: 0.000018 seconds.
  path: Packages/com.unity.collab-proxy/Editor/PlasticSCM/Assets/Images/iconclosebutton.png
  artifactKey: Guid(13527793884104b46b7446fd7464c3ed) Importer(815301076,1909f56bfc062723c751e8b465ee728b)
Start importing Packages/com.unity.collab-proxy/Editor/PlasticSCM/Assets/Images/iconclosebutton.png using Guid(13527793884104b46b7446fd7464c3ed) Importer(815301076,1909f56bfc062723c751e8b465ee728b)  -> (artifact id: 'af4117b6fbb227b86d87b2f5dee5899c') in 0.018187 seconds 
========================================================================
Received Import Request.
  Time since last request: 0.000042 seconds.
  path: Packages/com.unity.collab-proxy/Editor/PlasticSCM/Assets/Images/iconchanged.png
  artifactKey: Guid(6719b9ff26333564181b5328d934035c) Importer(815301076,1909f56bfc062723c751e8b465ee728b)
Start importing Packages/com.unity.collab-proxy/Editor/PlasticSCM/Assets/Images/iconchanged.png using Guid(6719b9ff26333564181b5328d934035c) Importer(815301076,1909f56bfc062723c751e8b465ee728b)  -> (artifact id: '529baa317f2347152c57deb06198a0cb') in 0.015486 seconds 
========================================================================
Received Import Request.
  Time since last request: 0.000019 seconds.
  path: Packages/com.unity.collab-proxy/Editor/PlasticSCM/Assets/Images/iconlockedremoteoverlay.png
  artifactKey: Guid(e78d7bb19d72cdd478600b30412eecc9) Importer(815301076,1909f56bfc062723c751e8b465ee728b)
Start importing Packages/com.unity.collab-proxy/Editor/PlasticSCM/Assets/Images/iconlockedremoteoverlay.png using Guid(e78d7bb19d72cdd478600b30412eecc9) Importer(815301076,1909f56bfc062723c751e8b465ee728b)  -> (artifact id: 'cff606e146449df5bd1b4fbed9c1c7f6') in 0.023786 seconds 
========================================================================
Received Import Request.
  Time since last request: 0.000019 seconds.
  path: Packages/com.unity.collab-proxy/Editor/PlasticSCM/Assets/Images/iconbranch@2x.png
  artifactKey: Guid(e45389a8a97044d4caf408f252370632) Importer(815301076,1909f56bfc062723c751e8b465ee728b)
Start importing Packages/com.unity.collab-proxy/Editor/PlasticSCM/Assets/Images/iconbranch@2x.png using Guid(e45389a8a97044d4caf408f252370632) Importer(815301076,1909f56bfc062723c751e8b465ee728b)  -> (artifact id: '0ea06a2955f5bb1c859061f13a266005') in 0.038355 seconds 
========================================================================
Received Import Request.
  Time since last request: 0.000023 seconds.
  path: Packages/com.unity.collab-proxy/Editor/PlasticSCM/Assets/Images/d_iconplasticviewnotify@2x.png
  artifactKey: Guid(64eb0648ca0d11944a9517d8662508fd) Importer(815301076,1909f56bfc062723c751e8b465ee728b)
Start importing Packages/com.unity.collab-proxy/Editor/PlasticSCM/Assets/Images/d_iconplasticviewnotify@2x.png using Guid(64eb0648ca0d11944a9517d8662508fd) Importer(815301076,1909f56bfc062723c751e8b465ee728b)  -> (artifact id: '24a56a96931fbf8b3e0109aa0c594bfa') in 0.019529 seconds 
========================================================================
Received Import Request.
  Time since last request: 0.000043 seconds.
  path: Assets/TopDown 2D RPG BE3/Sprites/NPC.png
  artifactKey: Guid(2f90eb840bd0cf4438d49759bc08d718) Importer(815301076,1909f56bfc062723c751e8b465ee728b)
Start importing Assets/TopDown 2D RPG BE3/Sprites/NPC.png using Guid(2f90eb840bd0cf4438d49759bc08d718) Importer(815301076,1909f56bfc062723c751e8b465ee728b)  -> (artifact id: 'b3e7a0cd52bd1b68a7a09f90910a462b') in 0.027335 seconds 
========================================================================
Received Import Request.
  Time since last request: 0.000038 seconds.
  path: Packages/com.unity.collab-proxy/Editor/PlasticSCM/Assets/Images/iconmerged.png
  artifactKey: Guid(36b376cee8459d34e8aefb062d29bcf2) Importer(815301076,1909f56bfc062723c751e8b465ee728b)
Start importing Packages/com.unity.collab-proxy/Editor/PlasticSCM/Assets/Images/iconmerged.png using Guid(36b376cee8459d34e8aefb062d29bcf2) Importer(815301076,1909f56bfc062723c751e8b465ee728b)  -> (artifact id: 'fdf77c8c98ad1e054ab280f2d1ba5a20') in 0.018634 seconds 
========================================================================
Received Import Request.
  Time since last request: 0.000025 seconds.
  path: Packages/com.unity.collab-proxy/Editor/PlasticSCM/Assets/Images/buttonssosigninemail.png
  artifactKey: Guid(d24e7e0b75e1a244bb9687d6fd4315ef) Importer(815301076,1909f56bfc062723c751e8b465ee728b)
Start importing Packages/com.unity.collab-proxy/Editor/PlasticSCM/Assets/Images/buttonssosigninemail.png using Guid(d24e7e0b75e1a244bb9687d6fd4315ef) Importer(815301076,1909f56bfc062723c751e8b465ee728b)  -> (artifact id: 'dfe2104909afae98b626fb3cc4d04d08') in 0.027843 seconds 
========================================================================
Received Import Request.
  Time since last request: 0.000032 seconds.
  path: Packages/com.unity.collab-proxy/Editor/PlasticSCM/Assets/Images/d_loading.png
  artifactKey: Guid(d58e94bfb1bac774dbb8ca9c2597ef2e) Importer(815301076,1909f56bfc062723c751e8b465ee728b)
Start importing Packages/com.unity.collab-proxy/Editor/PlasticSCM/Assets/Images/d_loading.png using Guid(d58e94bfb1bac774dbb8ca9c2597ef2e) Importer(815301076,1909f56bfc062723c751e8b465ee728b)  -> (artifact id: '0b7075231b1217c7fd4460923ed8776e') in 0.016878 seconds 
========================================================================
Received Import Request.
  Time since last request: 0.000035 seconds.
  path: Packages/com.unity.collab-proxy/Editor/PlasticSCM/Assets/Images/buttonssosigningoogle.png
  artifactKey: Guid(f09eae8c0ea04254b90c5386a034a225) Importer(815301076,1909f56bfc062723c751e8b465ee728b)
Start importing Packages/com.unity.collab-proxy/Editor/PlasticSCM/Assets/Images/buttonssosigningoogle.png using Guid(f09eae8c0ea04254b90c5386a034a225) Importer(815301076,1909f56bfc062723c751e8b465ee728b)  -> (artifact id: 'f700c005a56a93d6d7ca6b082d3a465e') in 0.019885 seconds 
Editor requested this worker to shutdown with reason: Scaling down because of idle timeout
AssetImportWorker is now disconnected from the server
Process exiting
Exiting without the bug reporter. Application will terminate with return code 0